#
# There is insufficient memory for the Java Runtime Environment to continue.
# Native memory allocation (mmap) failed to map 357957632 bytes for committing reserved memory.
# Possible reasons:
#   The system is out of physical RAM or swap space
#   In 32 bit mode, the process size limit was hit
# Possible solutions:
#   Reduce memory load on the system
#   Increase physical memory or swap space
#   Check if swap backing store is full
#   Use 64 bit Java on a 64 bit OS
#   Decrease Java heap size (-Xmx/-Xms)
#   Decrease number of Java threads
#   Decrease Java thread stack sizes (-Xss)
#   Set larger code cache with -XX:ReservedCodeCacheSize=
# This output file may be truncated or incomplete.
#
#  Out of Memory Error (os_linux.cpp:2627), pid=2962, tid=140294141658880
#
# JRE version:  (8.0_65-b17) (build )
# Java VM: Java HotSpot(TM) 64-Bit Server VM (25.65-b01 mixed mode linux-amd64 compressed oops)
# Failed to write core dump. Core dumps have been disabled. To enable core dumping, try "ulimit -c unlimited" before starting Java again
#

---------------  T H R E A D  ---------------

Current thread (0x00007f98c0008800):  JavaThread "Unknown thread" [_thread_in_vm, id=2964, stack(0x00007f98c66a4000,0x00007f98c67a5000)]

Stack: [0x00007f98c66a4000,0x00007f98c67a5000],  sp=0x00007f98c67a3300,  free space=1020k
Native frames: (J=compiled Java code, j=interpreted, Vv=VM code, C=native code)
V  [libjvm.so+0xab97ea]  VMError::report_and_die()+0x2ba
V  [libjvm.so+0x4f9dcb]  report_vm_out_of_memory(char const*, int, unsigned long, VMErrorType, char const*)+0x8b
V  [libjvm.so+0x91a7c3]  os::Linux::commit_memory_impl(char*, unsigned long, bool)+0x103
V  [libjvm.so+0x91ad19]  os::pd_commit_memory(char*, unsigned long, unsigned long, bool)+0x29
V  [libjvm.so+0x91502a]  os::commit_memory(char*, unsigned long, unsigned long, bool)+0x2a
V  [libjvm.so+0xab5549]  VirtualSpace::expand_by(unsigned long, bool)+0x199
V  [libjvm.so+0xab609e]  VirtualSpace::initialize(ReservedSpace, unsigned long)+0xee
V  [libjvm.so+0x5f6891]  CardGeneration::CardGeneration(ReservedSpace, unsigned long, int, GenRemSet*)+0xf1
V  [libjvm.so+0xa5d17f]  TenuredGeneration::TenuredGeneration(ReservedSpace, unsigned long, int, GenRemSet*)+0x5f
V  [libjvm.so+0x5f7b99]  GenerationSpec::init(ReservedSpace, int, GenRemSet*)+0x339
V  [libjvm.so+0x5e663e]  GenCollectedHeap::initialize()+0x1de
V  [libjvm.so+0xa8218b]  Universe::initialize_heap()+0xfb
V  [libjvm.so+0xa824fe]  universe_init()+0x3e
V  [libjvm.so+0x6388a5]  init_globals()+0x65
V  [libjvm.so+0xa666fe]  Threads::create_vm(JavaVMInitArgs*, bool*)+0x23e
V  [libjvm.so+0x6ccd34]  JNI_CreateJavaVM+0x74
C  [libjli.so+0x745e]  JavaMain+0x9e
C  [libpthread.so.0+0x7dc5]  start_thread+0xc5


---------------  P R O C E S S  ---------------

Java Threads: ( => current thread )

Other Threads:

=>0x00007f98c0008800 (exited) JavaThread "Unknown thread" [_thread_in_vm, id=2964, stack(0x00007f98c66a4000,0x00007f98c67a5000)]

VM state:not at safepoint (not fully initialized)

VM Mutex/Monitor currently owned by a thread: None

GC Heap History (0 events):
No events

Deoptimization events (0 events):
No events

Internal exceptions (0 events):
No events

Events (0 events):
No events


Dynamic libraries:
00400000-00401000 r-xp 00000000 ca:02 25742893                           /usr/java/jdk1.8.0_65/bin/java
00600000-00601000 rw-p 00000000 ca:02 25742893                           /usr/java/jdk1.8.0_65/bin/java
0189e000-018bf000 rw-p 00000000 00:00 0                                  [heap]
e0000000-eaaa0000 rw-p 00000000 00:00 0 
7f98b069f000-7f98b097a000 rw-p 00000000 00:00 0 
7f98b097a000-7f98b0a24000 ---p 00000000 00:00 0 
7f98b0a24000-7f98b0a2f000 rw-p 00000000 00:00 0 
7f98b0a2f000-7f98b0de5000 ---p 00000000 00:00 0 
7f98b0de5000-7f98b1055000 rwxp 00000000 00:00 0 
7f98b1055000-7f98bfde5000 ---p 00000000 00:00 0 
7f98bfde5000-7f98bfdff000 r-xp 00000000 ca:02 42148731                   /usr/java/jdk1.8.0_65/jre/lib/amd64/libzip.so
7f98bfdff000-7f98bffff000 ---p 0001a000 ca:02 42148731                   /usr/java/jdk1.8.0_65/jre/lib/amd64/libzip.so
7f98bffff000-7f98c0000000 rw-p 0001a000 ca:02 42148731                   /usr/java/jdk1.8.0_65/jre/lib/amd64/libzip.so
7f98c0000000-7f98c0033000 rw-p 00000000 00:00 0 
7f98c0033000-7f98c4000000 ---p 00000000 00:00 0 
7f98c4067000-7f98c4073000 r-xp 00000000 ca:02 17924990                   /usr/lib64/libnss_files-2.17.so
7f98c4073000-7f98c4272000 ---p 0000c000 ca:02 17924990                   /usr/lib64/libnss_files-2.17.so
7f98c4272000-7f98c4273000 r--p 0000b000 ca:02 17924990                   /usr/lib64/libnss_files-2.17.so
7f98c4273000-7f98c4274000 rw-p 0000c000 ca:02 17924990                   /usr/lib64/libnss_files-2.17.so
7f98c4274000-7f98c427a000 rw-p 00000000 00:00 0 
7f98c427a000-7f98c42a4000 r-xp 00000000 ca:02 42148695                   /usr/java/jdk1.8.0_65/jre/lib/amd64/libjava.so
7f98c42a4000-7f98c44a4000 ---p 0002a000 ca:02 42148695                   /usr/java/jdk1.8.0_65/jre/lib/amd64/libjava.so
7f98c44a4000-7f98c44a6000 rw-p 0002a000 ca:02 42148695                   /usr/java/jdk1.8.0_65/jre/lib/amd64/libjava.so
7f98c44a6000-7f98c44b3000 r-xp 00000000 ca:02 42148730                   /usr/java/jdk1.8.0_65/jre/lib/amd64/libverify.so
7f98c44b3000-7f98c46b3000 ---p 0000d000 ca:02 42148730                   /usr/java/jdk1.8.0_65/jre/lib/amd64/libverify.so
7f98c46b3000-7f98c46b5000 rw-p 0000d000 ca:02 42148730                   /usr/java/jdk1.8.0_65/jre/lib/amd64/libverify.so
7f98c46b5000-7f98c46bc000 r-xp 00000000 ca:02 17925002                   /usr/lib64/librt-2.17.so
7f98c46bc000-7f98c48bb000 ---p 00007000 ca:02 17925002                   /usr/lib64/librt-2.17.so
7f98c48bb000-7f98c48bc000 r--p 00006000 ca:02 17925002                   /usr/lib64/librt-2.17.so
7f98c48bc000-7f98c48bd000 rw-p 00007000 ca:02 17925002                   /usr/lib64/librt-2.17.so
7f98c48bd000-7f98c49be000 r-xp 00000000 ca:02 17924892                   /usr/lib64/libm-2.17.so
7f98c49be000-7f98c4bbd000 ---p 00101000 ca:02 17924892                   /usr/lib64/libm-2.17.so
7f98c4bbd000-7f98c4bbe000 r--p 00100000 ca:02 17924892                   /usr/lib64/libm-2.17.so
7f98c4bbe000-7f98c4bbf000 rw-p 00101000 ca:02 17924892                   /usr/lib64/libm-2.17.so
7f98c4bbf000-7f98c587d000 r-xp 00000000 ca:02 1205977                    /usr/java/jdk1.8.0_65/jre/lib/amd64/server/libjvm.so
7f98c587d000-7f98c5a7c000 ---p 00cbe000 ca:02 1205977                    /usr/java/jdk1.8.0_65/jre/lib/amd64/server/libjvm.so
7f98c5a7c000-7f98c5b54000 rw-p 00cbd000 ca:02 1205977                    /usr/java/jdk1.8.0_65/jre/lib/amd64/server/libjvm.so
7f98c5b54000-7f98c5b99000 rw-p 00000000 00:00 0 
7f98c5b99000-7f98c5d4f000 r-xp 00000000 ca:02 17924973                   /usr/lib64/libc-2.17.so
7f98c5d4f000-7f98c5f4f000 ---p 001b6000 ca:02 17924973                   /usr/lib64/libc-2.17.so
7f98c5f4f000-7f98c5f53000 r--p 001b6000 ca:02 17924973                   /usr/lib64/libc-2.17.so
7f98c5f53000-7f98c5f55000 rw-p 001ba000 ca:02 17924973                   /usr/lib64/libc-2.17.so
7f98c5f55000-7f98c5f5a000 rw-p 00000000 00:00 0 
7f98c5f5a000-7f98c5f5d000 r-xp 00000000 ca:02 17924979                   /usr/lib64/libdl-2.17.so
7f98c5f5d000-7f98c615c000 ---p 00003000 ca:02 17924979                   /usr/lib64/libdl-2.17.so
7f98c615c000-7f98c615d000 r--p 00002000 ca:02 17924979                   /usr/lib64/libdl-2.17.so
7f98c615d000-7f98c615e000 rw-p 00003000 ca:02 17924979                   /usr/lib64/libdl-2.17.so
7f98c615e000-7f98c6173000 r-xp 00000000 ca:02 19415810                   /usr/java/jdk1.8.0_65/lib/amd64/jli/libjli.so
7f98c6173000-7f98c6373000 ---p 00015000 ca:02 19415810                   /usr/java/jdk1.8.0_65/lib/amd64/jli/libjli.so
7f98c6373000-7f98c6374000 rw-p 00015000 ca:02 19415810                   /usr/java/jdk1.8.0_65/lib/amd64/jli/libjli.so
7f98c6374000-7f98c638a000 r-xp 00000000 ca:02 17924998                   /usr/lib64/libpthread-2.17.so
7f98c638a000-7f98c658a000 ---p 00016000 ca:02 17924998                   /usr/lib64/libpthread-2.17.so
7f98c658a000-7f98c658b000 r--p 00016000 ca:02 17924998                   /usr/lib64/libpthread-2.17.so
7f98c658b000-7f98c658c000 rw-p 00017000 ca:02 17924998                   /usr/lib64/libpthread-2.17.so
7f98c658c000-7f98c6590000 rw-p 00000000 00:00 0 
7f98c6590000-7f98c65b1000 r-xp 00000000 ca:02 16818313                   /usr/lib64/ld-2.17.so
7f98c669c000-7f98c66a4000 rw-s 00000000 ca:02 25752130                   /tmp/hsperfdata_ec2-user/2962
7f98c66a4000-7f98c66a7000 ---p 00000000 00:00 0 
7f98c66a7000-7f98c67a9000 rw-p 00000000 00:00 0 
7f98c67ab000-7f98c67af000 rw-p 00000000 00:00 0 
7f98c67af000-7f98c67b0000 r--p 00000000 00:00 0 
7f98c67b0000-7f98c67b1000 rw-p 00000000 00:00 0 
7f98c67b1000-7f98c67b2000 r--p 00021000 ca:02 16818313                   /usr/lib64/ld-2.17.so
7f98c67b2000-7f98c67b3000 rw-p 00022000 ca:02 16818313                   /usr/lib64/ld-2.17.so
7f98c67b3000-7f98c67b4000 rw-p 00000000 00:00 0 
7fff9304e000-7fff9306f000 rw-p 00000000 00:00 0                          [stack]
7fff931fe000-7fff93200000 r-xp 00000000 00:00 0                          [vdso]
ffffffffff600000-ffffffffff601000 r-xp 00000000 00:00 0                  [vsyscall]

VM Arguments:
jvm_args: -Xmx512M -Xmx512m -Xms512m 
java_command: <unknown>
java_class_path (initial): .
Launcher Type: SUN_STANDARD

Environment Variables:
JAVA_HOME=/usr/java/default
_JAVA_OPTIONS=-Xmx512m -Xms512m
PATH=/opt/sbt/bin:/usr/java/default/bin:/opt/sbt/bin:/usr/java/default/bin:/usr/local/bin:/usr/bin:/usr/local/sbin:/usr/sbin:/usr/local/scala/bin:/home/ec2-user/.local/bin:/home/ec2-user/bin:/usr/local/scala/bin
SHELL=/bin/bash

Signal Handlers:
SIGSEGV: [libjvm.so+0xaba070], sa_mask[0]=11111111011111111101111111111110, sa_flags=SA_RESTART|SA_SIGINFO
SIGBUS: [libjvm.so+0xaba070], sa_mask[0]=11111111011111111101111111111110, sa_flags=SA_RESTART|SA_SIGINFO
SIGFPE: [libjvm.so+0x917630], sa_mask[0]=11111111011111111101111111111110, sa_flags=SA_RESTART|SA_SIGINFO
SIGPIPE: [libjvm.so+0x917630], sa_mask[0]=11111111011111111101111111111110, sa_flags=SA_RESTART|SA_SIGINFO
SIGXFSZ: [libjvm.so+0x917630], sa_mask[0]=11111111011111111101111111111110, sa_flags=SA_RESTART|SA_SIGINFO
SIGILL: [libjvm.so+0x917630], sa_mask[0]=11111111011111111101111111111110, sa_flags=SA_RESTART|SA_SIGINFO
SIGUSR1: SIG_DFL, sa_mask[0]=00000000000000000000000000000000, sa_flags=none
SIGUSR2: [libjvm.so+0x918c60], sa_mask[0]=00000000000000000000000000000000, sa_flags=SA_RESTART|SA_SIGINFO
SIGHUP: SIG_DFL, sa_mask[0]=00000000000000000000000000000000, sa_flags=none
SIGINT: SIG_DFL, sa_mask[0]=00000000000000000000000000000000, sa_flags=none
SIGTERM: SIG_DFL, sa_mask[0]=00000000000000000000000000000000, sa_flags=none
SIGQUIT: SIG_DFL, sa_mask[0]=00000000000000000000000000000000, sa_flags=none


---------------  S Y S T E M  ---------------

OS:Red Hat Enterprise Linux Server release 7.1 (Maipo)

uname:Linux 3.10.0-229.1.2.el7.x86_64 #1 SMP Fri Mar 6 17:12:08 EST 2015 x86_64
libc:glibc 2.17 NPTL 2.17 
rlimit: STACK 8192k, CORE 0k, NPROC 3836, NOFILE 65536, AS infinity
load average:0.03 0.18 0.15

/proc/meminfo:
MemTotal:        1015944 kB
MemFree:          121648 kB
MemAvailable:     207728 kB
Buffers:             700 kB
Cached:           203776 kB
SwapCached:            0 kB
Active:           663912 kB
Inactive:         144916 kB
Active(anon):     604604 kB
Inactive(anon):    14284 kB
Active(file):      59308 kB
Inactive(file):   130632 kB
Unevictable:           0 kB
Mlocked:               0 kB
SwapTotal:             0 kB
SwapFree:              0 kB
Dirty:               132 kB
Writeback:             0 kB
AnonPages:        604412 kB
Mapped:            54892 kB
Shmem:             14484 kB
Slab:              44956 kB
SReclaimable:      17528 kB
SUnreclaim:        27428 kB
KernelStack:        8224 kB
PageTables:        11672 kB
NFS_Unstable:          0 kB
Bounce:                0 kB
WritebackTmp:          0 kB
CommitLimit:      507972 kB
Committed_AS:    1504552 kB
VmallocTotal:   34359738367 kB
VmallocUsed:        3460 kB
VmallocChunk:   34359734271 kB
HardwareCorrupted:     0 kB
AnonHugePages:    376832 kB
HugePages_Total:       0
HugePages_Free:        0
HugePages_Rsvd:        0
HugePages_Surp:        0
Hugepagesize:       2048 kB
DirectMap4k:       45056 kB
DirectMap2M:     1003520 kB


CPU:total 1 (1 cores per cpu, 1 threads per core) family 6 model 62 stepping 4, cmov, cx8, fxsr, mmx, sse, sse2, sse3, ssse3, sse4.1, sse4.2, popcnt, avx, aes, clmul, erms, tsc

/proc/cpuinfo:
processor	: 0
vendor_id	: GenuineIntel
cpu family	: 6
model		: 62
model name	: Intel(R) Xeon(R) CPU E5-2670 v2 @ 2.50GHz
stepping	: 4
microcode	: 0x428
cpu MHz		: 2494.048
cache size	: 25600 KB
physical id	: 0
siblings	: 1
core id		: 0
cpu cores	: 1
apicid		: 0
initial apicid	: 0
fpu		: yes
fpu_exception	: yes
cpuid level	: 13
wp		: yes
flags		: fpu vme de pse tsc msr pae mce cx8 apic sep mtrr pge mca cmov pat pse36 clflush mmx fxsr sse sse2 ht syscall nx rdtscp lm constant_tsc rep_good nopl xtopology eagerfpu pni pclmulqdq ssse3 cx16 pcid sse4_1 sse4_2 x2apic popcnt tsc_deadline_timer aes xsave avx f16c rdrand hypervisor lahf_lm xsaveopt fsgsbase smep erms
bogomips	: 4988.09
clflush size	: 64
cache_alignment	: 64
address sizes	: 46 bits physical, 48 bits virtual
power management:



Memory: 4k page, physical 1015944k(121648k free), swap 0k(0k free)

vm_info: Java HotSpot(TM) 64-Bit Server VM (25.65-b01) for linux-amd64 JRE (1.8.0_65-b17), built on Oct  6 2015 17:16:12 by "java_re" with gcc 4.3.0 20080428 (Red Hat 4.3.0-8)

time: Fri Jan 15 03:36:26 2016
elapsed time: 0 seconds (0d 0h 0m 0s)

