#
# There is insufficient memory for the Java Runtime Environment to continue.
# Native memory allocation (mmap) failed to map 65536 bytes for committing reserved memory.
# Possible reasons:
#   The system is out of physical RAM or swap space
#   In 32 bit mode, the process size limit was hit
# Possible solutions:
#   Reduce memory load on the system
#   Increase physical memory or swap space
#   Check if swap backing store is full
#   Use 64 bit Java on a 64 bit OS
#   Decrease Java heap size (-Xmx/-Xms)
#   Decrease number of Java threads
#   Decrease Java thread stack sizes (-Xss)
#   Set larger code cache with -XX:ReservedCodeCacheSize=
# This output file may be truncated or incomplete.
#
#  Out of Memory Error (os_linux.cpp:2627), pid=3265, tid=139890129061632
#
# JRE version: Java(TM) SE Runtime Environment (8.0_65-b17) (build 1.8.0_65-b17)
# Java VM: Java HotSpot(TM) 64-Bit Server VM (25.65-b01 mixed mode linux-amd64 compressed oops)
# Failed to write core dump. Core dumps have been disabled. To enable core dumping, try "ulimit -c unlimited" before starting Java again
#

---------------  T H R E A D  ---------------

Current thread (0x00007f3ab00ae800):  JavaThread "C2 CompilerThread0" daemon [_thread_in_vm, id=3301, stack(0x00007f3ab5634000,0x00007f3ab5735000)]

Stack: [0x00007f3ab5634000,0x00007f3ab5735000],  sp=0x00007f3ab5730250,  free space=1008k
Native frames: (J=compiled Java code, j=interpreted, Vv=VM code, C=native code)
V  [libjvm.so+0xab97ea]  VMError::report_and_die()+0x2ba
V  [libjvm.so+0x4f9dcb]  report_vm_out_of_memory(char const*, int, unsigned long, VMErrorType, char const*)+0x8b
V  [libjvm.so+0x91a7c3]  os::Linux::commit_memory_impl(char*, unsigned long, bool)+0x103
V  [libjvm.so+0x91ad19]  os::pd_commit_memory(char*, unsigned long, unsigned long, bool)+0x29
V  [libjvm.so+0x91502a]  os::commit_memory(char*, unsigned long, unsigned long, bool)+0x2a
V  [libjvm.so+0xab5549]  VirtualSpace::expand_by(unsigned long, bool)+0x199
V  [libjvm.so+0x6168dc]  CodeHeap::expand_by(unsigned long)+0x8c
V  [libjvm.so+0x47e180]  CodeCache::allocate(int, bool)+0x60
V  [libjvm.so+0x478e25]  BufferBlob::create(char const*, int)+0x95
V  [libjvm.so+0x47ce8a]  CodeBuffer::initialize(int, int)+0x1a
V  [libjvm.so+0x92c778]  Compile::init_buffer(unsigned int*)+0x208
V  [libjvm.so+0x932521]  Compile::Output()+0x381
V  [libjvm.so+0x49fbc5]  Compile::Code_Gen()+0x315
V  [libjvm.so+0x4a2f62]  Compile::Compile(ciEnv*, C2Compiler*, ciMethod*, int, bool, bool, bool)+0x14b2
V  [libjvm.so+0x3f0748]  C2Compiler::compile_method(ciEnv*, ciMethod*, int)+0x198
V  [libjvm.so+0x4ad36a]  CompileBroker::invoke_compiler_on_method(CompileTask*)+0xc9a
V  [libjvm.so+0x4ae316]  CompileBroker::compiler_thread_loop()+0x5d6
V  [libjvm.so+0xa68f3f]  JavaThread::thread_main_inner()+0xdf
V  [libjvm.so+0xa6906c]  JavaThread::run()+0x11c
V  [libjvm.so+0x91cb88]  java_start(Thread*)+0x108
C  [libpthread.so.0+0x7dc5]  start_thread+0xc5


Current CompileTask:
C2:   9833 2335       4       java.net.URLClassLoader$1::run (5 bytes)


---------------  P R O C E S S  ---------------

Java Threads: ( => current thread )
  0x00007f3ab07a7800 JavaThread "qtp1111379131-20" daemon [_thread_blocked, id=3315, stack(0x00007f3a8caa4000,0x00007f3a8cba5000)]
  0x00007f3ab07a5800 JavaThread "qtp1111379131-19" daemon [_thread_blocked, id=3314, stack(0x00007f3a8cba5000,0x00007f3a8cca6000)]
  0x00007f3ab07a4000 JavaThread "qtp1111379131-18" daemon [_thread_blocked, id=3313, stack(0x00007f3a8cca6000,0x00007f3a8cda7000)]
  0x00007f3ab07a2000 JavaThread "qtp1111379131-17" daemon [_thread_blocked, id=3312, stack(0x00007f3a8cda7000,0x00007f3a8cea8000)]
  0x00007f3ab07a0000 JavaThread "qtp1111379131-16" daemon [_thread_blocked, id=3311, stack(0x00007f3a8cea8000,0x00007f3a8cfa9000)]
  0x00007f3ab079e800 JavaThread "qtp1111379131-15" daemon [_thread_blocked, id=3310, stack(0x00007f3a8cfa9000,0x00007f3a8d0aa000)]
  0x00007f3ab079d800 JavaThread "qtp1111379131-14" daemon [_thread_blocked, id=3309, stack(0x00007f3a8d0aa000,0x00007f3a8d1ab000)]
  0x00007f3ab079c800 JavaThread "qtp1111379131-13 Acceptor0 SocketConnector@0.0.0.0:33457" daemon [_thread_in_native, id=3308, stack(0x00007f3aa06f6000,0x00007f3aa07f7000)]
  0x00007f3ab06ce000 JavaThread "process reaper" daemon [_thread_blocked, id=3306, stack(0x00007f3ab40f5000,0x00007f3ab412e000)]
  0x00007f3ab00b5800 JavaThread "Service Thread" daemon [_thread_blocked, id=3303, stack(0x00007f3ab5432000,0x00007f3ab5533000)]
  0x00007f3ab00b0800 JavaThread "C1 CompilerThread1" daemon [_thread_blocked, id=3302, stack(0x00007f3ab5533000,0x00007f3ab5634000)]
=>0x00007f3ab00ae800 JavaThread "C2 CompilerThread0" daemon [_thread_in_vm, id=3301, stack(0x00007f3ab5634000,0x00007f3ab5735000)]
  0x00007f3ab00ac800 JavaThread "Signal Dispatcher" daemon [_thread_blocked, id=3300, stack(0x00007f3ab5735000,0x00007f3ab5836000)]
  0x00007f3ab0074800 JavaThread "Finalizer" daemon [_thread_blocked, id=3299, stack(0x00007f3ab5836000,0x00007f3ab5937000)]
  0x00007f3ab0072000 JavaThread "Reference Handler" daemon [_thread_blocked, id=3298, stack(0x00007f3ab5937000,0x00007f3ab5a38000)]
  0x00007f3ab0008800 JavaThread "main" [_thread_in_vm, id=3296, stack(0x00007f3ab9271000,0x00007f3ab9372000)]

Other Threads:
  0x00007f3ab006d000 VMThread [stack: 0x00007f3ab5a38000,0x00007f3ab5b39000] [id=3297]
  0x00007f3ab00b8800 WatcherThread [stack: 0x00007f3ab5331000,0x00007f3ab5432000] [id=3304]

VM state:not at safepoint (normal execution)

VM Mutex/Monitor currently owned by a thread:  ([mutex/lock_event])
[0x00007f3ab00053f0] CodeCache_lock - owner thread: 0x00007f3ab00ae800
[0x00007f3ab0006a70] Compile_lock - owner thread: 0x00007f3ab0008800

Heap:
 def new generation   total 78656K, used 30008K [0x00000000f0000000, 0x00000000f5550000, 0x00000000f5550000)
  eden space 69952K,  30% used [0x00000000f0000000, 0x00000000f14ce020, 0x00000000f4450000)
  from space 8704K,  99% used [0x00000000f4450000, 0x00000000f4ccfff0, 0x00000000f4cd0000)
  to   space 8704K,   0% used [0x00000000f4cd0000, 0x00000000f4cd0000, 0x00000000f5550000)
 tenured generation   total 174784K, used 74543K [0x00000000f5550000, 0x0000000100000000, 0x0000000100000000)
   the space 174784K,  42% used [0x00000000f5550000, 0x00000000f9e1bc00, 0x00000000f9e1bc00, 0x0000000100000000)
 Metaspace       used 30985K, capacity 31234K, committed 31488K, reserved 1075200K
  class space    used 4673K, capacity 4755K, committed 4864K, reserved 1048576K

Card table byte_map: [0x00007f3ab91e8000,0x00007f3ab9269000] byte_map_base: 0x00007f3ab8a68000

Polling page: 0x00007f3ab937c000

CodeCache: size=245760Kb used=6553Kb max_used=6553Kb free=239206Kb
 bounds [0x00007f3aa1000000, 0x00007f3aa1670000, 0x00007f3ab0000000]
 total_blobs=2739 nmethods=2337 adapters=312
 compilation: enabled

Compilation events (10 events):
Event: 5.559 Thread 0x00007f3ab00b0800 2341       3       scala.reflect.internal.SymbolTable::newTypeName (10 bytes)
Event: 5.559 Thread 0x00007f3ab00b0800 nmethod 2341 0x00007f3aa1662990 code [0x00007f3aa1662b20, 0x00007f3aa1662e90]
Event: 5.559 Thread 0x00007f3ab00b0800 2342       3       scala.reflect.internal.Names$class::newTypeName (15 bytes)
Event: 5.560 Thread 0x00007f3ab00b0800 nmethod 2342 0x00007f3aa1668510 code [0x00007f3aa16686a0, 0x00007f3aa16689b0]
Event: 5.560 Thread 0x00007f3ab00b0800 2338       3       scala.reflect.internal.StdNames$TypeNames::createNameType (9 bytes)
Event: 5.560 Thread 0x00007f3ab00b0800 nmethod 2338 0x00007f3aa1668b50 code [0x00007f3aa1668d20, 0x00007f3aa1669660]
Event: 5.626 Thread 0x00007f3ab00b0800 2344       1       scala.collection.immutable.List::companion (4 bytes)
Event: 5.627 Thread 0x00007f3ab00b0800 nmethod 2344 0x00007f3aa16626d0 code [0x00007f3aa1662820, 0x00007f3aa1662930]
Event: 5.627 Thread 0x00007f3ab00b0800 2343       3       scala.collection.immutable.HashMap$HashMap1::<init> (26 bytes)
Event: 5.627 Thread 0x00007f3ab00b0800 nmethod 2343 0x00007f3aa1669c10 code [0x00007f3aa1669dc0, 0x00007f3aa166a220]

GC Heap History (6 events):
Event: 2.741 GC heap before
{Heap before GC invocations=0 (full 0):
 def new generation   total 78656K, used 64582K [0x00000000f0000000, 0x00000000f5550000, 0x00000000f5550000)
  eden space 69952K,  92% used [0x00000000f0000000, 0x00000000f3f119f0, 0x00000000f4450000)
  from space 8704K,   0% used [0x00000000f4450000, 0x00000000f4450000, 0x00000000f4cd0000)
  to   space 8704K,   0% used [0x00000000f4cd0000, 0x00000000f4cd0000, 0x00000000f5550000)
 tenured generation   total 174784K, used 0K [0x00000000f5550000, 0x0000000100000000, 0x0000000100000000)
   the space 174784K,   0% used [0x00000000f5550000, 0x00000000f5550000, 0x00000000f5550200, 0x0000000100000000)
 Metaspace       used 21004K, capacity 21176K, committed 21296K, reserved 1067008K
  class space    used 3329K, capacity 3416K, committed 3456K, reserved 1048576K
Event: 2.783 GC heap after
Heap after GC invocations=1 (full 1):
 def new generation   total 78656K, used 0K [0x00000000f0000000, 0x00000000f5550000, 0x00000000f5550000)
  eden space 69952K,   0% used [0x00000000f0000000, 0x00000000f0000000, 0x00000000f4450000)
  from space 8704K,   0% used [0x00000000f4450000, 0x00000000f4450000, 0x00000000f4cd0000)
  to   space 8704K,   0% used [0x00000000f4cd0000, 0x00000000f4cd0000, 0x00000000f5550000)
 tenured generation   total 174784K, used 14482K [0x00000000f5550000, 0x0000000100000000, 0x0000000100000000)
   the space 174784K,   8% used [0x00000000f5550000, 0x00000000f6374898, 0x00000000f6374a00, 0x0000000100000000)
 Metaspace       used 21004K, capacity 21176K, committed 21296K, reserved 1067008K
  class space    used 3329K, capacity 3416K, committed 3456K, reserved 1048576K
}
Event: 4.285 GC heap before
{Heap before GC invocations=1 (full 1):
 def new generation   total 78656K, used 69952K [0x00000000f0000000, 0x00000000f5550000, 0x00000000f5550000)
  eden space 69952K, 100% used [0x00000000f0000000, 0x00000000f4450000, 0x00000000f4450000)
  from space 8704K,   0% used [0x00000000f4450000, 0x00000000f4450000, 0x00000000f4cd0000)
  to   space 8704K,   0% used [0x00000000f4cd0000, 0x00000000f4cd0000, 0x00000000f5550000)
 tenured generation   total 174784K, used 14482K [0x00000000f5550000, 0x0000000100000000, 0x0000000100000000)
   the space 174784K,   8% used [0x00000000f5550000, 0x00000000f6374898, 0x00000000f6374a00, 0x0000000100000000)
 Metaspace       used 27260K, capacity 27490K, committed 27648K, reserved 1073152K
  class space    used 4253K, capacity 4339K, committed 4352K, reserved 1048576K
Event: 4.354 GC heap after
Heap after GC invocations=2 (full 1):
 def new generation   total 78656K, used 8704K [0x00000000f0000000, 0x00000000f5550000, 0x00000000f5550000)
  eden space 69952K,   0% used [0x00000000f0000000, 0x00000000f0000000, 0x00000000f4450000)
  from space 8704K, 100% used [0x00000000f4cd0000, 0x00000000f5550000, 0x00000000f5550000)
  to   space 8704K,   0% used [0x00000000f4450000, 0x00000000f4450000, 0x00000000f4cd0000)
 tenured generation   total 174784K, used 35533K [0x00000000f5550000, 0x0000000100000000, 0x0000000100000000)
   the space 174784K,  20% used [0x00000000f5550000, 0x00000000f78034b8, 0x00000000f7803600, 0x0000000100000000)
 Metaspace       used 27260K, capacity 27490K, committed 27648K, reserved 1073152K
  class space    used 4253K, capacity 4339K, committed 4352K, reserved 1048576K
}
Event: 4.470 GC heap before
{Heap before GC invocations=2 (full 1):
 def new generation   total 78656K, used 78656K [0x00000000f0000000, 0x00000000f5550000, 0x00000000f5550000)
  eden space 69952K, 100% used [0x00000000f0000000, 0x00000000f4450000, 0x00000000f4450000)
  from space 8704K, 100% used [0x00000000f4cd0000, 0x00000000f5550000, 0x00000000f5550000)
  to   space 8704K,   0% used [0x00000000f4450000, 0x00000000f4450000, 0x00000000f4cd0000)
 tenured generation   total 174784K, used 35533K [0x00000000f5550000, 0x0000000100000000, 0x0000000100000000)
   the space 174784K,  20% used [0x00000000f5550000, 0x00000000f78034b8, 0x00000000f7803600, 0x0000000100000000)
 Metaspace       used 27267K, capacity 27554K, committed 27648K, reserved 1073152K
  class space    used 4253K, capacity 4339K, committed 4352K, reserved 1048576K
Event: 4.699 GC heap after
Heap after GC invocations=3 (full 1):
 def new generation   total 78656K, used 8703K [0x00000000f0000000, 0x00000000f5550000, 0x00000000f5550000)
  eden space 69952K,   0% used [0x00000000f0000000, 0x00000000f0000000, 0x00000000f4450000)
  from space 8704K,  99% used [0x00000000f4450000, 0x00000000f4ccfff0, 0x00000000f4cd0000)
  to   space 8704K,   0% used [0x00000000f4cd0000, 0x00000000f4cd0000, 0x00000000f5550000)
 tenured generation   total 174784K, used 74543K [0x00000000f5550000, 0x0000000100000000, 0x0000000100000000)
   the space 174784K,  42% used [0x00000000f5550000, 0x00000000f9e1bc00, 0x00000000f9e1bc00, 0x0000000100000000)
 Metaspace       used 27267K, capacity 27554K, committed 27648K, reserved 1073152K
  class space    used 4253K, capacity 4339K, committed 4352K, reserved 1048576K
}

Deoptimization events (10 events):
Event: 4.994 Thread 0x00007f3ab0008800 Uncommon trap: reason=class_check action=maybe_recompile pc=0x00007f3aa155104c method=scala.collection.mutable.HashTable$class.elemEquals(Lscala/collection/mutable/HashTable;Ljava/lang/Object;Ljava/lang/Object;)Z @ 55
Event: 4.994 Thread 0x00007f3ab0008800 Uncommon trap: reason=class_check action=maybe_recompile pc=0x00007f3aa154884c method=scala.collection.mutable.HashTable$class.elemEquals(Lscala/collection/mutable/HashTable;Ljava/lang/Object;Ljava/lang/Object;)Z @ 55
Event: 5.008 Thread 0x00007f3ab0008800 Uncommon trap: reason=class_check action=maybe_recompile pc=0x00007f3aa155104c method=scala.collection.mutable.HashTable$class.elemEquals(Lscala/collection/mutable/HashTable;Ljava/lang/Object;Ljava/lang/Object;)Z @ 55
Event: 5.008 Thread 0x00007f3ab0008800 Uncommon trap: reason=class_check action=maybe_recompile pc=0x00007f3aa155104c method=scala.collection.mutable.HashTable$class.elemEquals(Lscala/collection/mutable/HashTable;Ljava/lang/Object;Ljava/lang/Object;)Z @ 55
Event: 5.008 Thread 0x00007f3ab0008800 Uncommon trap: reason=class_check action=maybe_recompile pc=0x00007f3aa153e638 method=scala.collection.mutable.HashTable$class.elemEquals(Lscala/collection/mutable/HashTable;Ljava/lang/Object;Ljava/lang/Object;)Z @ 55
Event: 5.469 Thread 0x00007f3ab0008800 Uncommon trap: reason=class_check action=maybe_recompile pc=0x00007f3aa154884c method=scala.collection.mutable.HashTable$class.elemEquals(Lscala/collection/mutable/HashTable;Ljava/lang/Object;Ljava/lang/Object;)Z @ 55
Event: 5.469 Thread 0x00007f3ab0008800 Uncommon trap: reason=bimorphic action=maybe_recompile pc=0x00007f3aa1642580 method=scala.collection.mutable.HashTable$class.elemEquals(Lscala/collection/mutable/HashTable;Ljava/lang/Object;Ljava/lang/Object;)Z @ 55
Event: 5.469 Thread 0x00007f3ab0008800 Uncommon trap: reason=bimorphic action=maybe_recompile pc=0x00007f3aa1642580 method=scala.collection.mutable.HashTable$class.elemEquals(Lscala/collection/mutable/HashTable;Ljava/lang/Object;Ljava/lang/Object;)Z @ 55
Event: 5.469 Thread 0x00007f3ab0008800 Uncommon trap: reason=bimorphic action=maybe_recompile pc=0x00007f3aa1642580 method=scala.collection.mutable.HashTable$class.elemEquals(Lscala/collection/mutable/HashTable;Ljava/lang/Object;Ljava/lang/Object;)Z @ 55
Event: 5.469 Thread 0x00007f3ab0008800 Uncommon trap: reason=bimorphic action=maybe_recompile pc=0x00007f3aa1642580 method=scala.collection.mutable.HashTable$class.elemEquals(Lscala/collection/mutable/HashTable;Ljava/lang/Object;Ljava/lang/Object;)Z @ 55

Internal exceptions (10 events):
Event: 2.927 Thread 0x00007f3ab0008800 Exception <a 'java/lang/ClassNotFoundException': org/apache/log4j/ConsoleAppenderBeanInfo> (0x00000000f02f7620) thrown at [/HUDSON/workspace/8-2-build-linux-amd64/jdk8u65/4987/hotspot/src/share/vm/classfile/systemDictionary.cpp, line 210]
Event: 2.927 Thread 0x00007f3ab0008800 Exception <a 'java/lang/ClassNotFoundException': org/apache/log4j/WriterAppenderBeanInfo> (0x00000000f02fbde8) thrown at [/HUDSON/workspace/8-2-build-linux-amd64/jdk8u65/4987/hotspot/src/share/vm/classfile/systemDictionary.cpp, line 210]
Event: 2.927 Thread 0x00007f3ab0008800 Exception <a 'java/lang/ClassNotFoundException': org/apache/log4j/AppenderSkeletonBeanInfo> (0x00000000f03006a8) thrown at [/HUDSON/workspace/8-2-build-linux-amd64/jdk8u65/4987/hotspot/src/share/vm/classfile/systemDictionary.cpp, line 210]
Event: 2.927 Thread 0x00007f3ab0008800 Exception <a 'java/lang/ClassNotFoundException': org/apache/log4j/AppenderSkeletonCustomizer> (0x00000000f0305008) thrown at [/HUDSON/workspace/8-2-build-linux-amd64/jdk8u65/4987/hotspot/src/share/vm/classfile/systemDictionary.cpp, line 210]
Event: 2.929 Thread 0x00007f3ab0008800 Exception <a 'java/lang/ClassNotFoundException': org/apache/log4j/WriterAppenderCustomizer> (0x00000000f031bd68) thrown at [/HUDSON/workspace/8-2-build-linux-amd64/jdk8u65/4987/hotspot/src/share/vm/classfile/systemDictionary.cpp, line 210]
Event: 2.930 Thread 0x00007f3ab0008800 Exception <a 'java/lang/ClassNotFoundException': org/apache/log4j/ConsoleAppenderCustomizer> (0x00000000f032cc70) thrown at [/HUDSON/workspace/8-2-build-linux-amd64/jdk8u65/4987/hotspot/src/share/vm/classfile/systemDictionary.cpp, line 210]
Event: 3.442 Thread 0x00007f3ab0008800 Implicit null exception at 0x00007f3aa148fb78 to 0x00007f3aa148fd64
Event: 3.442 Thread 0x00007f3ab0008800 Exception <a 'java/lang/NullPointerException'> (0x00000000f0ef5ca0) thrown at [/HUDSON/workspace/8-2-build-linux-amd64/jdk8u65/4987/hotspot/src/share/vm/runtime/sharedRuntime.cpp, line 605]
Event: 3.446 Thread 0x00007f3ab0008800 Implicit null exception at 0x00007f3aa148fb78 to 0x00007f3aa148fd64
Event: 3.446 Thread 0x00007f3ab0008800 Exception <a 'java/lang/NullPointerException'> (0x00000000f0f33aa8) thrown at [/HUDSON/workspace/8-2-build-linux-amd64/jdk8u65/4987/hotspot/src/share/vm/runtime/sharedRuntime.cpp, line 605]

Events (10 events):
Event: 5.629 loading class scala/tools/nsc/plugins/Plugin$ done
Event: 5.635 loading class java/util/zip/ZipException
Event: 5.659 loading class java/util/zip/ZipException done
Event: 5.670 loading class scala/xml/Node
Event: 5.670 loading class scala/xml/Node done
Event: 5.856 loading class scala/xml/NodeSeq
Event: 5.901 loading class scala/xml/NodeSeq done
Event: 6.492 loading class scala/xml/Elem
Event: 6.598 loading class scala/xml/Elem done
Event: 9.067 loading class scala/tools/nsc/plugins/Plugin$$anonfun$2


Dynamic libraries:
00400000-00401000 r-xp 00000000 ca:02 25742893                           /usr/java/jdk1.8.0_65/bin/java
00600000-00601000 rw-p 00000000 ca:02 25742893                           /usr/java/jdk1.8.0_65/bin/java
00ffb000-0101c000 rw-p 00000000 00:00 0                                  [heap]
f0000000-1004c0000 rw-p 00000000 00:00 0 
1004c0000-140000000 ---p 00000000 00:00 0 
7f3a78000000-7f3a78021000 rw-p 00000000 00:00 0 
7f3a78021000-7f3a7c000000 ---p 00000000 00:00 0 
7f3a7f445000-7f3a80000000 r--s 0a3b8000 ca:02 33741168                   /opt/spark-1.5.0-bin-hadoop2.6/lib/spark-assembly-1.5.0-hadoop2.6.0.jar
7f3a80000000-7f3a82c1d000 rw-p 00000000 00:00 0 
7f3a82c1d000-7f3a84000000 ---p 00000000 00:00 0 
7f3a84000000-7f3a847be000 rw-p 00000000 00:00 0 
7f3a847be000-7f3a88000000 ---p 00000000 00:00 0 
7f3a88000000-7f3a88021000 rw-p 00000000 00:00 0 
7f3a88021000-7f3a8c000000 ---p 00000000 00:00 0 
7f3a8c4e4000-7f3a8c6e4000 rw-p 00000000 00:00 0 
7f3a8c6e4000-7f3a8caa4000 rw-p 00000000 00:00 0 
7f3a8caa4000-7f3a8caa7000 ---p 00000000 00:00 0 
7f3a8caa7000-7f3a8cba5000 rw-p 00000000 00:00 0                          [stack:3315]
7f3a8cba5000-7f3a8cba8000 ---p 00000000 00:00 0 
7f3a8cba8000-7f3a8cca6000 rw-p 00000000 00:00 0                          [stack:3314]
7f3a8cca6000-7f3a8cca9000 ---p 00000000 00:00 0 
7f3a8cca9000-7f3a8cda7000 rw-p 00000000 00:00 0                          [stack:3313]
7f3a8cda7000-7f3a8cdaa000 ---p 00000000 00:00 0 
7f3a8cdaa000-7f3a8cea8000 rw-p 00000000 00:00 0                          [stack:3312]
7f3a8cea8000-7f3a8ceab000 ---p 00000000 00:00 0 
7f3a8ceab000-7f3a8cfa9000 rw-p 00000000 00:00 0                          [stack:3311]
7f3a8cfa9000-7f3a8cfac000 ---p 00000000 00:00 0 
7f3a8cfac000-7f3a8d0aa000 rw-p 00000000 00:00 0                          [stack:3310]
7f3a8d0aa000-7f3a8d0ad000 ---p 00000000 00:00 0 
7f3a8d0ad000-7f3a8d3ab000 rw-p 00000000 00:00 0                          [stack:3309]
7f3a8d3ab000-7f3a8d6ac000 rw-p 00000000 00:00 0 
7f3a8d6ac000-7f3a8d6c2000 r-xp 00000000 ca:02 42148716                   /usr/java/jdk1.8.0_65/jre/lib/amd64/libnet.so
7f3a8d6c2000-7f3a8d8c2000 ---p 00016000 ca:02 42148716                   /usr/java/jdk1.8.0_65/jre/lib/amd64/libnet.so
7f3a8d8c2000-7f3a8d8c3000 rw-p 00016000 ca:02 42148716                   /usr/java/jdk1.8.0_65/jre/lib/amd64/libnet.so
7f3a8d8c3000-7f3a8d8d8000 r-xp 00000000 ca:02 17924964                   /usr/lib64/libgcc_s-4.8.5-20150702.so.1
7f3a8d8d8000-7f3a8dad7000 ---p 00015000 ca:02 17924964                   /usr/lib64/libgcc_s-4.8.5-20150702.so.1
7f3a8dad7000-7f3a8dad8000 r--p 00014000 ca:02 17924964                   /usr/lib64/libgcc_s-4.8.5-20150702.so.1
7f3a8dad8000-7f3a8dad9000 rw-p 00015000 ca:02 17924964                   /usr/lib64/libgcc_s-4.8.5-20150702.so.1
7f3a8dad9000-7f3a94000000 r--p 00000000 ca:02 1985833                    /usr/lib/locale/locale-archive
7f3a94000000-7f3a94021000 rw-p 00000000 00:00 0 
7f3a94021000-7f3a98000000 ---p 00000000 00:00 0 
7f3a98000000-7f3a98021000 rw-p 00000000 00:00 0 
7f3a98021000-7f3a9c000000 ---p 00000000 00:00 0 
7f3a9c000000-7f3a9c027000 rw-p 00000000 00:00 0 
7f3a9c027000-7f3aa0000000 ---p 00000000 00:00 0 
7f3aa006b000-7f3aa0093000 r--p 00000000 ca:02 10364105                   /usr/share/locale/ja/LC_MESSAGES/libc.mo
7f3aa0093000-7f3aa00a9000 r--s 001a4000 ca:02 33741166                   /opt/spark-1.5.0-bin-hadoop2.6/lib/datanucleus-rdbms-3.2.9.jar
7f3aa00a9000-7f3aa00ae000 r--s 0004e000 ca:02 33741165                   /opt/spark-1.5.0-bin-hadoop2.6/lib/datanucleus-api-jdo-3.2.6.jar
7f3aa00ae000-7f3aa00e0000 r-xp 00000000 ca:02 42148727                   /usr/java/jdk1.8.0_65/jre/lib/amd64/libsunec.so
7f3aa00e0000-7f3aa02df000 ---p 00032000 ca:02 42148727                   /usr/java/jdk1.8.0_65/jre/lib/amd64/libsunec.so
7f3aa02df000-7f3aa02e5000 rw-p 00031000 ca:02 42148727                   /usr/java/jdk1.8.0_65/jre/lib/amd64/libsunec.so
7f3aa02e5000-7f3aa04f5000 rw-p 00000000 00:00 0 
7f3aa04f5000-7f3aa04f6000 r-xp 00000000 ca:02 42148694                   /usr/java/jdk1.8.0_65/jre/lib/amd64/libjaas_unix.so
7f3aa04f6000-7f3aa06f5000 ---p 00001000 ca:02 42148694                   /usr/java/jdk1.8.0_65/jre/lib/amd64/libjaas_unix.so
7f3aa06f5000-7f3aa06f6000 rw-p 00000000 ca:02 42148694                   /usr/java/jdk1.8.0_65/jre/lib/amd64/libjaas_unix.so
7f3aa06f6000-7f3aa06f9000 ---p 00000000 00:00 0 
7f3aa06f9000-7f3aa09f7000 rw-p 00000000 00:00 0                          [stack:3308]
7f3aa09f7000-7f3aa09ff000 r-xp 00000000 ca:02 42148714                   /usr/java/jdk1.8.0_65/jre/lib/amd64/libmanagement.so
7f3aa09ff000-7f3aa0bff000 ---p 00008000 ca:02 42148714                   /usr/java/jdk1.8.0_65/jre/lib/amd64/libmanagement.so
7f3aa0bff000-7f3aa0c00000 rw-p 00008000 ca:02 42148714                   /usr/java/jdk1.8.0_65/jre/lib/amd64/libmanagement.so
7f3aa0c00000-7f3aa0e00000 rw-p 00000000 00:00 0 
7f3aa0e00000-7f3aa1000000 rw-p 00000000 00:00 0 
7f3aa1000000-7f3aa1670000 rwxp 00000000 00:00 0 
7f3aa1679000-7f3aa1680000 r--s 00000000 ca:02 8445062                    /usr/lib64/gconv/gconv-modules.cache
7f3aa1680000-7f3ab0000000 ---p 00000000 00:00 0 
7f3ab0000000-7f3ab0b08000 rw-p 00000000 00:00 0 
7f3ab0b08000-7f3ab4000000 ---p 00000000 00:00 0 
7f3ab4001000-7f3ab4019000 r--s 001b6000 ca:02 33741164                   /opt/spark-1.5.0-bin-hadoop2.6/lib/datanucleus-core-3.2.10.jar
7f3ab4019000-7f3ab40af000 r--s 010ff000 ca:02 19415791                   /usr/java/jdk1.8.0_65/jre/lib/ext/jfxrt.jar
7f3ab40af000-7f3ab40b0000 r--s 00010000 ca:02 19415797                   /usr/java/jdk1.8.0_65/jre/lib/ext/zipfs.jar
7f3ab40b0000-7f3ab40cb000 r--s 001cd000 ca:02 19415793                   /usr/java/jdk1.8.0_65/jre/lib/ext/nashorn.jar
7f3ab40cb000-7f3ab40cc000 r--s 0000a000 ca:02 19415789                   /usr/java/jdk1.8.0_65/jre/lib/ext/jaccess.jar
7f3ab40cc000-7f3ab40d1000 r--s 0003e000 ca:02 33704434                   /usr/java/jdk1.8.0_65/jre/lib/jfr.jar
7f3ab40d1000-7f3ab40d6000 r--s 002f8000 ca:02 33704436                   /usr/java/jdk1.8.0_65/jre/lib/charsets.jar
7f3ab40d6000-7f3ab40eb000 r--s 000ff000 ca:02 33695836                   /usr/java/jdk1.8.0_65/jre/lib/resources.jar
7f3ab40eb000-7f3ab40f1000 r--s 0003e000 ca:02 19415795                   /usr/java/jdk1.8.0_65/jre/lib/ext/sunjce_provider.jar
7f3ab40f1000-7f3ab40f5000 r--s 00039000 ca:02 19415796                   /usr/java/jdk1.8.0_65/jre/lib/ext/sunpkcs11.jar
7f3ab40f5000-7f3ab40f8000 ---p 00000000 00:00 0 
7f3ab40f8000-7f3ab412e000 rw-p 00000000 00:00 0                          [stack:3306]
7f3ab412e000-7f3ab4150000 r--s 0038e000 ca:02 19415787                   /usr/java/jdk1.8.0_65/jre/lib/ext/cldrdata.jar
7f3ab4150000-7f3ab4166000 r--s 001a4000 ca:02 33741166                   /opt/spark-1.5.0-bin-hadoop2.6/lib/datanucleus-rdbms-3.2.9.jar
7f3ab4166000-7f3ab417e000 r--s 001b6000 ca:02 33741164                   /opt/spark-1.5.0-bin-hadoop2.6/lib/datanucleus-core-3.2.10.jar
7f3ab417e000-7f3ab437e000 rw-p 00000000 00:00 0 
7f3ab437e000-7f3ab457e000 rw-p 00000000 00:00 0 
7f3ab457e000-7f3ab4776000 rw-p 00000000 00:00 0 
7f3ab4776000-7f3ab5331000 r--s 0a3b8000 ca:02 33741168                   /opt/spark-1.5.0-bin-hadoop2.6/lib/spark-assembly-1.5.0-hadoop2.6.0.jar
7f3ab5331000-7f3ab5332000 ---p 00000000 00:00 0 
7f3ab5332000-7f3ab5432000 rw-p 00000000 00:00 0                          [stack:3304]
7f3ab5432000-7f3ab5435000 ---p 00000000 00:00 0 
7f3ab5435000-7f3ab5533000 rw-p 00000000 00:00 0                          [stack:3303]
7f3ab5533000-7f3ab5536000 ---p 00000000 00:00 0 
7f3ab5536000-7f3ab5634000 rw-p 00000000 00:00 0                          [stack:3302]
7f3ab5634000-7f3ab5637000 ---p 00000000 00:00 0 
7f3ab5637000-7f3ab5735000 rw-p 00000000 00:00 0                          [stack:3301]
7f3ab5735000-7f3ab5738000 ---p 00000000 00:00 0 
7f3ab5738000-7f3ab5836000 rw-p 00000000 00:00 0                          [stack:3300]
7f3ab5836000-7f3ab5839000 ---p 00000000 00:00 0 
7f3ab5839000-7f3ab5937000 rw-p 00000000 00:00 0                          [stack:3299]
7f3ab5937000-7f3ab593a000 ---p 00000000 00:00 0 
7f3ab593a000-7f3ab5a38000 rw-p 00000000 00:00 0                          [stack:3298]
7f3ab5a38000-7f3ab5a39000 ---p 00000000 00:00 0 
7f3ab5a39000-7f3ab5b88000 rw-p 00000000 00:00 0                          [stack:3297]
7f3ab5b88000-7f3ab5d60000 r--s 03cd8000 ca:02 33704409                   /usr/java/jdk1.8.0_65/jre/lib/rt.jar
7f3ab5d60000-7f3ab6659000 rw-p 00000000 00:00 0 
7f3ab6659000-7f3ab6673000 rw-p 00000000 00:00 0 
7f3ab6673000-7f3ab6a19000 ---p 00000000 00:00 0 
7f3ab6a19000-7f3ab6a33000 r-xp 00000000 ca:02 42148731                   /usr/java/jdk1.8.0_65/jre/lib/amd64/libzip.so
7f3ab6a33000-7f3ab6c33000 ---p 0001a000 ca:02 42148731                   /usr/java/jdk1.8.0_65/jre/lib/amd64/libzip.so
7f3ab6c33000-7f3ab6c34000 rw-p 0001a000 ca:02 42148731                   /usr/java/jdk1.8.0_65/jre/lib/amd64/libzip.so
7f3ab6c34000-7f3ab6c40000 r-xp 00000000 ca:02 17924990                   /usr/lib64/libnss_files-2.17.so
7f3ab6c40000-7f3ab6e3f000 ---p 0000c000 ca:02 17924990                   /usr/lib64/libnss_files-2.17.so
7f3ab6e3f000-7f3ab6e40000 r--p 0000b000 ca:02 17924990                   /usr/lib64/libnss_files-2.17.so
7f3ab6e40000-7f3ab6e41000 rw-p 0000c000 ca:02 17924990                   /usr/lib64/libnss_files-2.17.so
7f3ab6e41000-7f3ab6e47000 rw-p 00000000 00:00 0 
7f3ab6e47000-7f3ab6e71000 r-xp 00000000 ca:02 42148695                   /usr/java/jdk1.8.0_65/jre/lib/amd64/libjava.so
7f3ab6e71000-7f3ab7071000 ---p 0002a000 ca:02 42148695                   /usr/java/jdk1.8.0_65/jre/lib/amd64/libjava.so
7f3ab7071000-7f3ab7073000 rw-p 0002a000 ca:02 42148695                   /usr/java/jdk1.8.0_65/jre/lib/amd64/libjava.so
7f3ab7073000-7f3ab7080000 r-xp 00000000 ca:02 42148730                   /usr/java/jdk1.8.0_65/jre/lib/amd64/libverify.so
7f3ab7080000-7f3ab7280000 ---p 0000d000 ca:02 42148730                   /usr/java/jdk1.8.0_65/jre/lib/amd64/libverify.so
7f3ab7280000-7f3ab7282000 rw-p 0000d000 ca:02 42148730                   /usr/java/jdk1.8.0_65/jre/lib/amd64/libverify.so
7f3ab7282000-7f3ab7289000 r-xp 00000000 ca:02 17925002                   /usr/lib64/librt-2.17.so
7f3ab7289000-7f3ab7488000 ---p 00007000 ca:02 17925002                   /usr/lib64/librt-2.17.so
7f3ab7488000-7f3ab7489000 r--p 00006000 ca:02 17925002                   /usr/lib64/librt-2.17.so
7f3ab7489000-7f3ab748a000 rw-p 00007000 ca:02 17925002                   /usr/lib64/librt-2.17.so
7f3ab748a000-7f3ab758b000 r-xp 00000000 ca:02 17924892                   /usr/lib64/libm-2.17.so
7f3ab758b000-7f3ab778a000 ---p 00101000 ca:02 17924892                   /usr/lib64/libm-2.17.so
7f3ab778a000-7f3ab778b000 r--p 00100000 ca:02 17924892                   /usr/lib64/libm-2.17.so
7f3ab778b000-7f3ab778c000 rw-p 00101000 ca:02 17924892                   /usr/lib64/libm-2.17.so
7f3ab778c000-7f3ab844a000 r-xp 00000000 ca:02 1205977                    /usr/java/jdk1.8.0_65/jre/lib/amd64/server/libjvm.so
7f3ab844a000-7f3ab8649000 ---p 00cbe000 ca:02 1205977                    /usr/java/jdk1.8.0_65/jre/lib/amd64/server/libjvm.so
7f3ab8649000-7f3ab8721000 rw-p 00cbd000 ca:02 1205977                    /usr/java/jdk1.8.0_65/jre/lib/amd64/server/libjvm.so
7f3ab8721000-7f3ab8766000 rw-p 00000000 00:00 0 
7f3ab8766000-7f3ab891c000 r-xp 00000000 ca:02 17924973                   /usr/lib64/libc-2.17.so
7f3ab891c000-7f3ab8b1c000 ---p 001b6000 ca:02 17924973                   /usr/lib64/libc-2.17.so
7f3ab8b1c000-7f3ab8b20000 r--p 001b6000 ca:02 17924973                   /usr/lib64/libc-2.17.so
7f3ab8b20000-7f3ab8b22000 rw-p 001ba000 ca:02 17924973                   /usr/lib64/libc-2.17.so
7f3ab8b22000-7f3ab8b27000 rw-p 00000000 00:00 0 
7f3ab8b27000-7f3ab8b2a000 r-xp 00000000 ca:02 17924979                   /usr/lib64/libdl-2.17.so
7f3ab8b2a000-7f3ab8d29000 ---p 00003000 ca:02 17924979                   /usr/lib64/libdl-2.17.so
7f3ab8d29000-7f3ab8d2a000 r--p 00002000 ca:02 17924979                   /usr/lib64/libdl-2.17.so
7f3ab8d2a000-7f3ab8d2b000 rw-p 00003000 ca:02 17924979                   /usr/lib64/libdl-2.17.so
7f3ab8d2b000-7f3ab8d40000 r-xp 00000000 ca:02 19415810                   /usr/java/jdk1.8.0_65/lib/amd64/jli/libjli.so
7f3ab8d40000-7f3ab8f40000 ---p 00015000 ca:02 19415810                   /usr/java/jdk1.8.0_65/lib/amd64/jli/libjli.so
7f3ab8f40000-7f3ab8f41000 rw-p 00015000 ca:02 19415810                   /usr/java/jdk1.8.0_65/lib/amd64/jli/libjli.so
7f3ab8f41000-7f3ab8f57000 r-xp 00000000 ca:02 17924998                   /usr/lib64/libpthread-2.17.so
7f3ab8f57000-7f3ab9157000 ---p 00016000 ca:02 17924998                   /usr/lib64/libpthread-2.17.so
7f3ab9157000-7f3ab9158000 r--p 00016000 ca:02 17924998                   /usr/lib64/libpthread-2.17.so
7f3ab9158000-7f3ab9159000 rw-p 00017000 ca:02 17924998                   /usr/lib64/libpthread-2.17.so
7f3ab9159000-7f3ab915d000 rw-p 00000000 00:00 0 
7f3ab915d000-7f3ab917e000 r-xp 00000000 ca:02 16818313                   /usr/lib64/ld-2.17.so
7f3ab917e000-7f3ab9180000 r--s 00001000 ca:02 19415788                   /usr/java/jdk1.8.0_65/jre/lib/ext/dnsns.jar
7f3ab9180000-7f3ab9181000 r--s 00009000 ca:02 19415794                   /usr/java/jdk1.8.0_65/jre/lib/ext/sunec.jar
7f3ab9181000-7f3ab9183000 r--s 0001a000 ca:02 33704432                   /usr/java/jdk1.8.0_65/jre/lib/jce.jar
7f3ab9183000-7f3ab918e000 r--s 0021a000 ca:02 19473407                   /usr/java/jdk1.8.0_65/jre/lib/ext/localedata.jar
7f3ab918e000-7f3ab9192000 r--s 00096000 ca:02 33677696                   /usr/java/jdk1.8.0_65/jre/lib/jsse.jar
7f3ab9192000-7f3ab9268000 rw-p 00000000 00:00 0 
7f3ab9268000-7f3ab9269000 rw-p 00000000 00:00 0 
7f3ab9269000-7f3ab9271000 rw-s 00000000 ca:02 25752130                   /tmp/hsperfdata_ec2-user/3265
7f3ab9271000-7f3ab9274000 ---p 00000000 00:00 0 
7f3ab9274000-7f3ab9376000 rw-p 00000000 00:00 0                          [stack:3296]
7f3ab9376000-7f3ab937b000 r--s 0004e000 ca:02 33741165                   /opt/spark-1.5.0-bin-hadoop2.6/lib/datanucleus-api-jdo-3.2.6.jar
7f3ab937b000-7f3ab937c000 rw-p 00000000 00:00 0 
7f3ab937c000-7f3ab937d000 r--p 00000000 00:00 0 
7f3ab937d000-7f3ab937e000 rw-p 00000000 00:00 0 
7f3ab937e000-7f3ab937f000 r--p 00021000 ca:02 16818313                   /usr/lib64/ld-2.17.so
7f3ab937f000-7f3ab9380000 rw-p 00022000 ca:02 16818313                   /usr/lib64/ld-2.17.so
7f3ab9380000-7f3ab9381000 rw-p 00000000 00:00 0 
7fff8b9f6000-7fff8ba17000 rw-p 00000000 00:00 0                          [stack]
7fff8ba62000-7fff8ba64000 r-xp 00000000 00:00 0                          [vdso]
ffffffffff600000-ffffffffff601000 r-xp 00000000 00:00 0                  [vsyscall]

VM Arguments:
jvm_args: -Dscala.usejavacp=true -Xms1g -Xmx1g -Xmx256m -Xms256m 
java_command: org.apache.spark.deploy.SparkSubmit --master local --class org.apache.spark.repl.Main --name Spark shell spark-shell
java_class_path (initial): /opt/spark/conf/:/opt/spark/lib/spark-assembly-1.5.0-hadoop2.6.0.jar:/opt/spark/lib/datanucleus-core-3.2.10.jar:/opt/spark/lib/datanucleus-api-jdo-3.2.6.jar:/opt/spark/lib/datanucleus-rdbms-3.2.9.jar
Launcher Type: SUN_STANDARD

Environment Variables:
JAVA_HOME=/usr/java/default
_JAVA_OPTIONS=-Xmx256m -Xms256m
PATH=/opt/sbt/bin:/usr/java/default/bin:/usr/local/bin:/usr/bin:/usr/local/sbin:/usr/sbin:/usr/local/scala/bin:/home/ec2-user/.local/bin:/home/ec2-user/bin
SHELL=/bin/bash

Signal Handlers:
SIGSEGV: [libjvm.so+0xaba070], sa_mask[0]=11111111011111111101111111111110, sa_flags=SA_RESTART|SA_SIGINFO
SIGBUS: [libjvm.so+0xaba070], sa_mask[0]=11111111011111111101111111111110, sa_flags=SA_RESTART|SA_SIGINFO
SIGFPE: [libjvm.so+0x917630], sa_mask[0]=11111111011111111101111111111110, sa_flags=SA_RESTART|SA_SIGINFO
SIGPIPE: [libjvm.so+0x917630], sa_mask[0]=11111111011111111101111111111110, sa_flags=SA_RESTART|SA_SIGINFO
SIGXFSZ: [libjvm.so+0x917630], sa_mask[0]=11111111011111111101111111111110, sa_flags=SA_RESTART|SA_SIGINFO
SIGILL: [libjvm.so+0x917630], sa_mask[0]=11111111011111111101111111111110, sa_flags=SA_RESTART|SA_SIGINFO
SIGUSR1: SIG_DFL, sa_mask[0]=00000000000000000000000000000000, sa_flags=none
SIGUSR2: [libjvm.so+0x918c60], sa_mask[0]=00000000000000000000000000000000, sa_flags=SA_RESTART|SA_SIGINFO
SIGHUP: [libjvm.so+0x91a060], sa_mask[0]=11111111011111111101111111111110, sa_flags=SA_RESTART|SA_SIGINFO
SIGINT: [libjvm.so+0x91a060], sa_mask[0]=11111111011111111101111111111110, sa_flags=SA_RESTART|SA_SIGINFO
SIGTERM: [libjvm.so+0x91a060], sa_mask[0]=11111111011111111101111111111110, sa_flags=SA_RESTART|SA_SIGINFO
SIGQUIT: [libjvm.so+0x91a060], sa_mask[0]=11111111011111111101111111111110, sa_flags=SA_RESTART|SA_SIGINFO


---------------  S Y S T E M  ---------------

OS:Red Hat Enterprise Linux Server release 7.1 (Maipo)

uname:Linux 3.10.0-229.1.2.el7.x86_64 #1 SMP Fri Mar 6 17:12:08 EST 2015 x86_64
libc:glibc 2.17 NPTL 2.17 
rlimit: STACK 8192k, CORE 0k, NPROC 3836, NOFILE 65536, AS infinity
load average:0.32 0.54 0.65

/proc/meminfo:
MemTotal:        1015944 kB
MemFree:           51196 kB
MemAvailable:       4188 kB
Buffers:               0 kB
Cached:            18108 kB
SwapCached:            0 kB
Active:           870720 kB
Inactive:          16276 kB
Active(anon):     869100 kB
Inactive(anon):    14280 kB
Active(file):       1620 kB
Inactive(file):     1996 kB
Unevictable:           0 kB
Mlocked:               0 kB
SwapTotal:             0 kB
SwapFree:              0 kB
Dirty:                48 kB
Writeback:             0 kB
AnonPages:        868896 kB
Mapped:             3592 kB
Shmem:             14484 kB
Slab:              42184 kB
SReclaimable:      14988 kB
SUnreclaim:        27196 kB
KernelStack:        8368 kB
PageTables:        11676 kB
NFS_Unstable:          0 kB
Bounce:                0 kB
WritebackTmp:          0 kB
CommitLimit:      507972 kB
Committed_AS:    1645804 kB
VmallocTotal:   34359738367 kB
VmallocUsed:        3460 kB
VmallocChunk:   34359734271 kB
HardwareCorrupted:     0 kB
AnonHugePages:    575488 kB
HugePages_Total:       0
HugePages_Free:        0
HugePages_Rsvd:        0
HugePages_Surp:        0
Hugepagesize:       2048 kB
DirectMap4k:       40960 kB
DirectMap2M:     1007616 kB


CPU:total 1 (1 cores per cpu, 1 threads per core) family 6 model 62 stepping 4, cmov, cx8, fxsr, mmx, sse, sse2, sse3, ssse3, sse4.1, sse4.2, popcnt, avx, aes, clmul, erms, tsc

/proc/cpuinfo:
processor	: 0
vendor_id	: GenuineIntel
cpu family	: 6
model		: 62
model name	: Intel(R) Xeon(R) CPU E5-2670 v2 @ 2.50GHz
stepping	: 4
microcode	: 0x416
cpu MHz		: 2500.060
cache size	: 25600 KB
physical id	: 0
siblings	: 1
core id		: 0
cpu cores	: 1
apicid		: 0
initial apicid	: 0
fpu		: yes
fpu_exception	: yes
cpuid level	: 13
wp		: yes
flags		: fpu vme de pse tsc msr pae mce cx8 apic sep mtrr pge mca cmov pat pse36 clflush mmx fxsr sse sse2 ht syscall nx rdtscp lm constant_tsc rep_good nopl xtopology eagerfpu pni pclmulqdq ssse3 cx16 pcid sse4_1 sse4_2 x2apic popcnt tsc_deadline_timer aes xsave avx f16c rdrand hypervisor lahf_lm xsaveopt fsgsbase smep erms
bogomips	: 5000.12
clflush size	: 64
cache_alignment	: 64
address sizes	: 46 bits physical, 48 bits virtual
power management:



Memory: 4k page, physical 1015944k(50700k free), swap 0k(0k free)

vm_info: Java HotSpot(TM) 64-Bit Server VM (25.65-b01) for linux-amd64 JRE (1.8.0_65-b17), built on Oct  6 2015 17:16:12 by "java_re" with gcc 4.3.0 20080428 (Red Hat 4.3.0-8)

time: Sun Jan 17 03:11:03 2016
elapsed time: 10 seconds (0d 0h 0m 10s)

