#
# There is insufficient memory for the Java Runtime Environment to continue.
# Native memory allocation (mmap) failed to map 131072 bytes for committing reserved memory.
# Possible reasons:
#   The system is out of physical RAM or swap space
#   In 32 bit mode, the process size limit was hit
# Possible solutions:
#   Reduce memory load on the system
#   Increase physical memory or swap space
#   Check if swap backing store is full
#   Use 64 bit Java on a 64 bit OS
#   Decrease Java heap size (-Xmx/-Xms)
#   Decrease number of Java threads
#   Decrease Java thread stack sizes (-Xss)
#   Set larger code cache with -XX:ReservedCodeCacheSize=
# This output file may be truncated or incomplete.
#
#  Out of Memory Error (os_linux.cpp:2627), pid=3013, tid=140177896531712
#
# JRE version: Java(TM) SE Runtime Environment (8.0_65-b17) (build 1.8.0_65-b17)
# Java VM: Java HotSpot(TM) 64-Bit Server VM (25.65-b01 mixed mode linux-amd64 compressed oops)
# Failed to write core dump. Core dumps have been disabled. To enable core dumping, try "ulimit -c unlimited" before starting Java again
#

---------------  T H R E A D  ---------------

Current thread (0x00007f7dac008800):  JavaThread "main" [_thread_in_vm, id=3044, stack(0x00007f7db5aa6000,0x00007f7db5ba7000)]

Stack: [0x00007f7db5aa6000,0x00007f7db5ba7000],  sp=0x00007f7db5ba02e0,  free space=1000k
Native frames: (J=compiled Java code, j=interpreted, Vv=VM code, C=native code)
V  [libjvm.so+0xab97ea]  VMError::report_and_die()+0x2ba
V  [libjvm.so+0x4f9dcb]  report_vm_out_of_memory(char const*, int, unsigned long, VMErrorType, char const*)+0x8b
V  [libjvm.so+0x91a7c3]  os::Linux::commit_memory_impl(char*, unsigned long, bool)+0x103
V  [libjvm.so+0x91ad19]  os::pd_commit_memory(char*, unsigned long, unsigned long, bool)+0x29
V  [libjvm.so+0x91502a]  os::commit_memory(char*, unsigned long, unsigned long, bool)+0x2a
V  [libjvm.so+0xab5549]  VirtualSpace::expand_by(unsigned long, bool)+0x199
V  [libjvm.so+0x899936]  VirtualSpaceList::expand_node_by(VirtualSpaceNode*, unsigned long, unsigned long)+0x76
V  [libjvm.so+0x89c750]  VirtualSpaceList::expand_by(unsigned long, unsigned long)+0xf0
V  [libjvm.so+0x89c8e3]  VirtualSpaceList::get_new_chunk(unsigned long, unsigned long, unsigned long)+0xb3
V  [libjvm.so+0x89e432]  SpaceManager::grow_and_allocate(unsigned long)+0x2d2
V  [libjvm.so+0x89e63b]  SpaceManager::allocate_work(unsigned long)+0x14b
V  [libjvm.so+0x89e6cc]  SpaceManager::allocate(unsigned long)+0x7c
V  [libjvm.so+0x89e91e]  Metaspace::allocate(ClassLoaderData*, unsigned long, bool, MetaspaceObj::Type, Thread*)+0x17e
V  [libjvm.so+0x63fe2e]  InstanceKlass::allocate_instance_klass(ClassLoaderData*, int, int, int, int, ReferenceType, AccessFlags, Symbol*, Klass*, bool, Thread*)+0xee
V  [libjvm.so+0x45ec9e]  ClassFileParser::parseClassFile(Symbol*, ClassLoaderData*, Handle, KlassHandle, GrowableArray<Handle>*, TempNewSymbol&, bool, Thread*)+0x114e
V  [libjvm.so+0xa2b69f]  SystemDictionary::resolve_from_stream(Symbol*, Handle, Handle, ClassFileStream*, bool, Thread*)+0x17f
V  [libjvm.so+0x70bb5e]  jvm_define_class_common(JNIEnv_*, char const*, _jobject*, signed char const*, int, _jobject*, char const*, unsigned char, Thread*)+0x2ae
V  [libjvm.so+0x710f01]  JVM_DefineClassWithSource+0xe1
C  [libjava.so+0xeb35]  Java_java_lang_ClassLoader_defineClass1+0x155
J 329  java.lang.ClassLoader.defineClass1(Ljava/lang/String;[BIILjava/security/ProtectionDomain;Ljava/lang/String;)Ljava/lang/Class; (0 bytes) @ 0x00007f7d9d1dd14b [0x00007f7d9d1dd040+0x10b]
J 345 C1 java.lang.ClassLoader.defineClass(Ljava/lang/String;[BIILjava/security/ProtectionDomain;)Ljava/lang/Class; (43 bytes) @ 0x00007f7d9d1f2946 [0x00007f7d9d1f2380+0x5c6]
J 2221 C1 java.security.SecureClassLoader.defineClass(Ljava/lang/String;[BIILjava/security/CodeSource;)Ljava/lang/Class; (16 bytes) @ 0x00007f7d9d62670d [0x00007f7d9d6265c0+0x14d]
J 1751 C2 java.net.URLClassLoader$1.run()Ljava/lang/Object; (5 bytes) @ 0x00007f7d9d55c1b8 [0x00007f7d9d559c20+0x2598]
v  ~StubRoutines::call_stub
V  [libjvm.so+0x68bbe6]  JavaCalls::call_helper(JavaValue*, methodHandle*, JavaCallArguments*, Thread*)+0x1056
V  [libjvm.so+0x72482c]  JVM_DoPrivileged+0x27c
J 197  java.security.AccessController.doPrivileged(Ljava/security/PrivilegedExceptionAction;Ljava/security/AccessControlContext;)Ljava/lang/Object; (0 bytes) @ 0x00007f7d9d16fd95 [0x00007f7d9d16fcc0+0xd5]
J 1726 C2 java.net.URLClassLoader.findClass(Ljava/lang/String;)Ljava/lang/Class; (47 bytes) @ 0x00007f7d9d4f5030 [0x00007f7d9d4f4fa0+0x90]
J 1724 C1 java.lang.ClassLoader.loadClass(Ljava/lang/String;Z)Ljava/lang/Class; (122 bytes) @ 0x00007f7d9d4f7efa [0x00007f7d9d4f75c0+0x93a]
J 249 C1 sun.misc.Launcher$AppClassLoader.loadClass(Ljava/lang/String;Z)Ljava/lang/Class; (85 bytes) @ 0x00007f7d9d1a6ee3 [0x00007f7d9d1a6580+0x963]
J 173 C1 java.lang.ClassLoader.loadClass(Ljava/lang/String;)Ljava/lang/Class; (7 bytes) @ 0x00007f7d9d1604c2 [0x00007f7d9d1603c0+0x102]
v  ~StubRoutines::call_stub
V  [libjvm.so+0x68bbe6]  JavaCalls::call_helper(JavaValue*, methodHandle*, JavaCallArguments*, Thread*)+0x1056
V  [libjvm.so+0x68c0f1]  JavaCalls::call_virtual(JavaValue*, KlassHandle, Symbol*, Symbol*, JavaCallArguments*, Thread*)+0x321
V  [libjvm.so+0x68c546]  JavaCalls::call_virtual(JavaValue*, Handle, KlassHandle, Symbol*, Symbol*, Handle, Thread*)+0x56
V  [libjvm.so+0xa30ba0]  SystemDictionary::load_instance_class(Symbol*, Handle, Thread*)+0x3f0
V  [libjvm.so+0xa2fa8c]  SystemDictionary::resolve_instance_class_or_null(Symbol*, Handle, Handle, Thread*)+0x7cc
V  [libjvm.so+0xa30fc3]  SystemDictionary::resolve_or_fail(Symbol*, Handle, Handle, bool, Thread*)+0x33
V  [libjvm.so+0x4f0c78]  ConstantPool::klass_at_impl(constantPoolHandle, int, Thread*)+0x158
V  [libjvm.so+0x6800a1]  InterpreterRuntime::_new(JavaThread*, ConstantPool*, int)+0x71
j  scala.tools.nsc.util.ClassPath.findClass(Ljava/lang/String;)Lscala/Option;+40
j  scala.tools.nsc.util.ClassPath.findSourceFile(Ljava/lang/String;)Lscala/Option;+2
j  scala.tools.nsc.symtab.classfile.ClassfileParser$$anonfun$enterOwnInnerClasses$1.apply(Lscala/tools/nsc/symtab/classfile/ClassfileParser$InnerClassEntry;)V+48
j  scala.tools.nsc.symtab.classfile.ClassfileParser$$anonfun$enterOwnInnerClasses$1.apply(Ljava/lang/Object;)Ljava/lang/Object;+5
j  scala.collection.mutable.HashMap$$anon$2$$anonfun$foreach$3.apply(Lscala/collection/mutable/DefaultEntry;)Ljava/lang/Object;+8
j  scala.collection.mutable.HashMap$$anon$2$$anonfun$foreach$3.apply(Ljava/lang/Object;)Ljava/lang/Object;+5
j  scala.collection.mutable.HashTable$class.foreachEntry(Lscala/collection/mutable/HashTable;Lscala/Function1;)V+26
j  scala.collection.mutable.HashMap.foreachEntry(Lscala/Function1;)V+2
j  scala.collection.mutable.HashMap$$anon$2.foreach(Lscala/Function1;)V+13
j  scala.tools.nsc.symtab.classfile.ClassfileParser.enterOwnInnerClasses()V+15
j  scala.tools.nsc.symtab.classfile.ClassfileParser.parseClass()V+268
j  scala.tools.nsc.symtab.classfile.ClassfileParser.parse(Lscala/reflect/io/AbstractFile;Lscala/reflect/internal/Symbols$Symbol;)V+381
j  scala.tools.nsc.symtab.SymbolLoaders$ClassfileLoader.doComplete(Lscala/reflect/internal/Symbols$Symbol;)V+51
j  scala.tools.nsc.symtab.SymbolLoaders$SymbolLoader.complete(Lscala/reflect/internal/Symbols$Symbol;)V+22
J 2007 C1 scala.reflect.internal.Symbols$Symbol.info()Lscala/reflect/internal/Types$Type; (332 bytes) @ 0x00007f7d9d5aad92 [0x00007f7d9d5aa140+0xc52]
j  scala.reflect.internal.Symbols$Symbol.initialize()Lscala/reflect/internal/Symbols$Symbol;+14
j  scala.tools.nsc.symtab.classfile.ClassfileParser.parseExceptions$1(ILscala/reflect/internal/Symbols$Symbol;)V+94
j  scala.tools.nsc.symtab.classfile.ClassfileParser.scala$tools$nsc$symtab$classfile$ClassfileParser$$parseAttribute$1(Lscala/reflect/internal/Symbols$Symbol;Lscala/reflect/internal/Types$Type;)V+1160
j  scala.tools.nsc.symtab.classfile.ClassfileParser.parseAttributes(Lscala/reflect/internal/Symbols$Symbol;Lscala/reflect/internal/Types$Type;)V+77
j  scala.tools.nsc.symtab.classfile.ClassfileParser.parseMethod()V+590
j  scala.tools.nsc.symtab.classfile.ClassfileParser.scala$tools$nsc$symtab$classfile$ClassfileParser$$queueLoad$1(Lscala/runtime/LongRef;I)V+259
j  scala.tools.nsc.symtab.classfile.ClassfileParser$$anonfun$parseClass$1.apply$mcV$sp()V+12
j  scala.tools.nsc.symtab.classfile.ClassfileParser.parseClass()V+526
j  scala.tools.nsc.symtab.classfile.ClassfileParser.parse(Lscala/reflect/io/AbstractFile;Lscala/reflect/internal/Symbols$Symbol;)V+381
j  scala.tools.nsc.symtab.SymbolLoaders$ClassfileLoader.doComplete(Lscala/reflect/internal/Symbols$Symbol;)V+51
j  scala.tools.nsc.symtab.SymbolLoaders$SymbolLoader.complete(Lscala/reflect/internal/Symbols$Symbol;)V+22
J 2007 C1 scala.reflect.internal.Symbols$Symbol.info()Lscala/reflect/internal/Types$Type; (332 bytes) @ 0x00007f7d9d5aad92 [0x00007f7d9d5aa140+0xc52]
j  scala.reflect.internal.Definitions$DefinitionsClass.getMemberIfDefined(Lscala/reflect/internal/Symbols$Symbol;Lscala/reflect/internal/Names$Name;)Lscala/reflect/internal/Symbols$Symbol;+1
j  scala.reflect.internal.Definitions$DefinitionsClass.getMember(Lscala/reflect/internal/Symbols$Symbol;Lscala/reflect/internal/Names$Name;)Lscala/reflect/internal/Symbols$Symbol;+3
j  scala.reflect.internal.Definitions$DefinitionsClass.getMemberMethod(Lscala/reflect/internal/Symbols$Symbol;Lscala/reflect/internal/Names$Name;)Lscala/reflect/internal/Symbols$TermSymbol;+6
j  scala.reflect.internal.Definitions$DefinitionsClass.Any_getClass$lzycompute()Lscala/reflect/internal/Symbols$MethodSymbol;+54
j  scala.reflect.internal.Definitions$DefinitionsClass.Any_getClass()Lscala/reflect/internal/Symbols$MethodSymbol;+14
j  scala.reflect.internal.Definitions$DefinitionsClass.syntheticCoreMethods$lzycompute()Lscala/collection/immutable/List;+67
j  scala.reflect.internal.Definitions$DefinitionsClass.syntheticCoreMethods()Lscala/collection/immutable/List;+14
j  scala.reflect.internal.Definitions$DefinitionsClass.symbolsNotPresentInBytecode$lzycompute()Lscala/collection/immutable/List;+23
j  scala.reflect.internal.Definitions$DefinitionsClass.symbolsNotPresentInBytecode()Lscala/collection/immutable/List;+14
j  scala.reflect.internal.Definitions$DefinitionsClass.init()V+9
j  scala.tools.nsc.Global$Run.<init>(Lscala/tools/nsc/Global;)V+319
j  org.apache.spark.repl.SparkIMain.org$apache$spark$repl$SparkIMain$$_initialize()Z+8
j  org.apache.spark.repl.SparkIMain.initializeSynchronous()V+8
j  org.apache.spark.repl.SparkILoop$$anonfun$org$apache$spark$repl$SparkILoop$$process$1.apply$mcZ$sp()Z+369
j  org.apache.spark.repl.SparkILoop$$anonfun$org$apache$spark$repl$SparkILoop$$process$1.apply()Z+1
j  org.apache.spark.repl.SparkILoop$$anonfun$org$apache$spark$repl$SparkILoop$$process$1.apply()Ljava/lang/Object;+1
j  scala.tools.nsc.util.ScalaClassLoader$.savingContextLoader(Lscala/Function0;)Ljava/lang/Object;+6
j  org.apache.spark.repl.SparkILoop.org$apache$spark$repl$SparkILoop$$process(Lscala/tools/nsc/Settings;)Z+21
j  org.apache.spark.repl.SparkILoop.process([Ljava/lang/String;)Z+76
j  org.apache.spark.repl.Main$.main([Ljava/lang/String;)V+16
j  org.apache.spark.repl.Main.main([Ljava/lang/String;)V+4
v  ~StubRoutines::call_stub
V  [libjvm.so+0x68bbe6]  JavaCalls::call_helper(JavaValue*, methodHandle*, JavaCallArguments*, Thread*)+0x1056
V  [libjvm.so+0x991b27]  Reflection::invoke(instanceKlassHandle, methodHandle, Handle, bool, objArrayHandle, BasicType, objArrayHandle, bool, Thread*)+0x5d7
V  [libjvm.so+0x995237]  Reflection::invoke_method(oopDesc*, Handle, objArrayHandle, Thread*)+0x147
V  [libjvm.so+0x71a5fb]  JVM_InvokeMethod+0x26b
j  sun.reflect.NativeMethodAccessorImpl.invoke0(Ljava/lang/reflect/Method;Ljava/lang/Object;[Ljava/lang/Object;)Ljava/lang/Object;+0
j  sun.reflect.NativeMethodAccessorImpl.invoke(Ljava/lang/Object;[Ljava/lang/Object;)Ljava/lang/Object;+100
j  sun.reflect.DelegatingMethodAccessorImpl.invoke(Ljava/lang/Object;[Ljava/lang/Object;)Ljava/lang/Object;+6
j  java.lang.reflect.Method.invoke(Ljava/lang/Object;[Ljava/lang/Object;)Ljava/lang/Object;+56
j  org.apache.spark.deploy.SparkSubmit$.org$apache$spark$deploy$SparkSubmit$$runMain(Lscala/collection/Seq;Lscala/collection/Seq;Lscala/collection/mutable/Map;Ljava/lang/String;Z)V+583
j  org.apache.spark.deploy.SparkSubmit$.doRunMain$1(Lorg/apache/spark/deploy/SparkSubmitArguments;Lscala/collection/Seq;Lscala/collection/Seq;Lscala/collection/mutable/Map;Ljava/lang/String;)V+18
j  org.apache.spark.deploy.SparkSubmit$.submit(Lorg/apache/spark/deploy/SparkSubmitArguments;)V+249
...<more frames>...

Java frames: (J=compiled Java code, j=interpreted, Vv=VM code)
J 329  java.lang.ClassLoader.defineClass1(Ljava/lang/String;[BIILjava/security/ProtectionDomain;Ljava/lang/String;)Ljava/lang/Class; (0 bytes) @ 0x00007f7d9d1dd0d1 [0x00007f7d9d1dd040+0x91]
J 345 C1 java.lang.ClassLoader.defineClass(Ljava/lang/String;[BIILjava/security/ProtectionDomain;)Ljava/lang/Class; (43 bytes) @ 0x00007f7d9d1f2946 [0x00007f7d9d1f2380+0x5c6]
J 2221 C1 java.security.SecureClassLoader.defineClass(Ljava/lang/String;[BIILjava/security/CodeSource;)Ljava/lang/Class; (16 bytes) @ 0x00007f7d9d62670d [0x00007f7d9d6265c0+0x14d]
J 1751 C2 java.net.URLClassLoader$1.run()Ljava/lang/Object; (5 bytes) @ 0x00007f7d9d55c1b8 [0x00007f7d9d559c20+0x2598]
v  ~StubRoutines::call_stub
J 197  java.security.AccessController.doPrivileged(Ljava/security/PrivilegedExceptionAction;Ljava/security/AccessControlContext;)Ljava/lang/Object; (0 bytes) @ 0x00007f7d9d16fd23 [0x00007f7d9d16fcc0+0x63]
J 1726 C2 java.net.URLClassLoader.findClass(Ljava/lang/String;)Ljava/lang/Class; (47 bytes) @ 0x00007f7d9d4f5030 [0x00007f7d9d4f4fa0+0x90]
J 1724 C1 java.lang.ClassLoader.loadClass(Ljava/lang/String;Z)Ljava/lang/Class; (122 bytes) @ 0x00007f7d9d4f7efa [0x00007f7d9d4f75c0+0x93a]
J 249 C1 sun.misc.Launcher$AppClassLoader.loadClass(Ljava/lang/String;Z)Ljava/lang/Class; (85 bytes) @ 0x00007f7d9d1a6ee3 [0x00007f7d9d1a6580+0x963]
J 173 C1 java.lang.ClassLoader.loadClass(Ljava/lang/String;)Ljava/lang/Class; (7 bytes) @ 0x00007f7d9d1604c2 [0x00007f7d9d1603c0+0x102]
v  ~StubRoutines::call_stub
j  scala.tools.nsc.util.ClassPath.findClass(Ljava/lang/String;)Lscala/Option;+40
j  scala.tools.nsc.util.ClassPath.findSourceFile(Ljava/lang/String;)Lscala/Option;+2
j  scala.tools.nsc.symtab.classfile.ClassfileParser$$anonfun$enterOwnInnerClasses$1.apply(Lscala/tools/nsc/symtab/classfile/ClassfileParser$InnerClassEntry;)V+48
j  scala.tools.nsc.symtab.classfile.ClassfileParser$$anonfun$enterOwnInnerClasses$1.apply(Ljava/lang/Object;)Ljava/lang/Object;+5
j  scala.collection.mutable.HashMap$$anon$2$$anonfun$foreach$3.apply(Lscala/collection/mutable/DefaultEntry;)Ljava/lang/Object;+8
j  scala.collection.mutable.HashMap$$anon$2$$anonfun$foreach$3.apply(Ljava/lang/Object;)Ljava/lang/Object;+5
j  scala.collection.mutable.HashTable$class.foreachEntry(Lscala/collection/mutable/HashTable;Lscala/Function1;)V+26
j  scala.collection.mutable.HashMap.foreachEntry(Lscala/Function1;)V+2
j  scala.collection.mutable.HashMap$$anon$2.foreach(Lscala/Function1;)V+13
j  scala.tools.nsc.symtab.classfile.ClassfileParser.enterOwnInnerClasses()V+15
j  scala.tools.nsc.symtab.classfile.ClassfileParser.parseClass()V+268
j  scala.tools.nsc.symtab.classfile.ClassfileParser.parse(Lscala/reflect/io/AbstractFile;Lscala/reflect/internal/Symbols$Symbol;)V+381
j  scala.tools.nsc.symtab.SymbolLoaders$ClassfileLoader.doComplete(Lscala/reflect/internal/Symbols$Symbol;)V+51
j  scala.tools.nsc.symtab.SymbolLoaders$SymbolLoader.complete(Lscala/reflect/internal/Symbols$Symbol;)V+22
J 2007 C1 scala.reflect.internal.Symbols$Symbol.info()Lscala/reflect/internal/Types$Type; (332 bytes) @ 0x00007f7d9d5aad92 [0x00007f7d9d5aa140+0xc52]
j  scala.reflect.internal.Symbols$Symbol.initialize()Lscala/reflect/internal/Symbols$Symbol;+14
j  scala.tools.nsc.symtab.classfile.ClassfileParser.parseExceptions$1(ILscala/reflect/internal/Symbols$Symbol;)V+94
j  scala.tools.nsc.symtab.classfile.ClassfileParser.scala$tools$nsc$symtab$classfile$ClassfileParser$$parseAttribute$1(Lscala/reflect/internal/Symbols$Symbol;Lscala/reflect/internal/Types$Type;)V+1160
j  scala.tools.nsc.symtab.classfile.ClassfileParser.parseAttributes(Lscala/reflect/internal/Symbols$Symbol;Lscala/reflect/internal/Types$Type;)V+77
j  scala.tools.nsc.symtab.classfile.ClassfileParser.parseMethod()V+590
j  scala.tools.nsc.symtab.classfile.ClassfileParser.scala$tools$nsc$symtab$classfile$ClassfileParser$$queueLoad$1(Lscala/runtime/LongRef;I)V+259
j  scala.tools.nsc.symtab.classfile.ClassfileParser$$anonfun$parseClass$1.apply$mcV$sp()V+12
j  scala.tools.nsc.symtab.classfile.ClassfileParser.parseClass()V+526
j  scala.tools.nsc.symtab.classfile.ClassfileParser.parse(Lscala/reflect/io/AbstractFile;Lscala/reflect/internal/Symbols$Symbol;)V+381
j  scala.tools.nsc.symtab.SymbolLoaders$ClassfileLoader.doComplete(Lscala/reflect/internal/Symbols$Symbol;)V+51
j  scala.tools.nsc.symtab.SymbolLoaders$SymbolLoader.complete(Lscala/reflect/internal/Symbols$Symbol;)V+22
J 2007 C1 scala.reflect.internal.Symbols$Symbol.info()Lscala/reflect/internal/Types$Type; (332 bytes) @ 0x00007f7d9d5aad92 [0x00007f7d9d5aa140+0xc52]
j  scala.reflect.internal.Definitions$DefinitionsClass.getMemberIfDefined(Lscala/reflect/internal/Symbols$Symbol;Lscala/reflect/internal/Names$Name;)Lscala/reflect/internal/Symbols$Symbol;+1
j  scala.reflect.internal.Definitions$DefinitionsClass.getMember(Lscala/reflect/internal/Symbols$Symbol;Lscala/reflect/internal/Names$Name;)Lscala/reflect/internal/Symbols$Symbol;+3
j  scala.reflect.internal.Definitions$DefinitionsClass.getMemberMethod(Lscala/reflect/internal/Symbols$Symbol;Lscala/reflect/internal/Names$Name;)Lscala/reflect/internal/Symbols$TermSymbol;+6
j  scala.reflect.internal.Definitions$DefinitionsClass.Any_getClass$lzycompute()Lscala/reflect/internal/Symbols$MethodSymbol;+54
j  scala.reflect.internal.Definitions$DefinitionsClass.Any_getClass()Lscala/reflect/internal/Symbols$MethodSymbol;+14
j  scala.reflect.internal.Definitions$DefinitionsClass.syntheticCoreMethods$lzycompute()Lscala/collection/immutable/List;+67
j  scala.reflect.internal.Definitions$DefinitionsClass.syntheticCoreMethods()Lscala/collection/immutable/List;+14
j  scala.reflect.internal.Definitions$DefinitionsClass.symbolsNotPresentInBytecode$lzycompute()Lscala/collection/immutable/List;+23
j  scala.reflect.internal.Definitions$DefinitionsClass.symbolsNotPresentInBytecode()Lscala/collection/immutable/List;+14
j  scala.reflect.internal.Definitions$DefinitionsClass.init()V+9
j  scala.tools.nsc.Global$Run.<init>(Lscala/tools/nsc/Global;)V+319
j  org.apache.spark.repl.SparkIMain.org$apache$spark$repl$SparkIMain$$_initialize()Z+8
j  org.apache.spark.repl.SparkIMain.initializeSynchronous()V+8
j  org.apache.spark.repl.SparkILoop$$anonfun$org$apache$spark$repl$SparkILoop$$process$1.apply$mcZ$sp()Z+369
j  org.apache.spark.repl.SparkILoop$$anonfun$org$apache$spark$repl$SparkILoop$$process$1.apply()Z+1
j  org.apache.spark.repl.SparkILoop$$anonfun$org$apache$spark$repl$SparkILoop$$process$1.apply()Ljava/lang/Object;+1
j  scala.tools.nsc.util.ScalaClassLoader$.savingContextLoader(Lscala/Function0;)Ljava/lang/Object;+6
j  org.apache.spark.repl.SparkILoop.org$apache$spark$repl$SparkILoop$$process(Lscala/tools/nsc/Settings;)Z+21
j  org.apache.spark.repl.SparkILoop.process([Ljava/lang/String;)Z+76
j  org.apache.spark.repl.Main$.main([Ljava/lang/String;)V+16
j  org.apache.spark.repl.Main.main([Ljava/lang/String;)V+4
v  ~StubRoutines::call_stub
j  sun.reflect.NativeMethodAccessorImpl.invoke0(Ljava/lang/reflect/Method;Ljava/lang/Object;[Ljava/lang/Object;)Ljava/lang/Object;+0
j  sun.reflect.NativeMethodAccessorImpl.invoke(Ljava/lang/Object;[Ljava/lang/Object;)Ljava/lang/Object;+100
j  sun.reflect.DelegatingMethodAccessorImpl.invoke(Ljava/lang/Object;[Ljava/lang/Object;)Ljava/lang/Object;+6
j  java.lang.reflect.Method.invoke(Ljava/lang/Object;[Ljava/lang/Object;)Ljava/lang/Object;+56
j  org.apache.spark.deploy.SparkSubmit$.org$apache$spark$deploy$SparkSubmit$$runMain(Lscala/collection/Seq;Lscala/collection/Seq;Lscala/collection/mutable/Map;Ljava/lang/String;Z)V+583
j  org.apache.spark.deploy.SparkSubmit$.doRunMain$1(Lorg/apache/spark/deploy/SparkSubmitArguments;Lscala/collection/Seq;Lscala/collection/Seq;Lscala/collection/mutable/Map;Ljava/lang/String;)V+18
j  org.apache.spark.deploy.SparkSubmit$.submit(Lorg/apache/spark/deploy/SparkSubmitArguments;)V+249
j  org.apache.spark.deploy.SparkSubmit$.main([Ljava/lang/String;)V+76
j  org.apache.spark.deploy.SparkSubmit.main([Ljava/lang/String;)V+4
v  ~StubRoutines::call_stub

---------------  P R O C E S S  ---------------

Java Threads: ( => current thread )
  0x00007f7dac77c000 JavaThread "qtp708443754-20" daemon [_thread_blocked, id=3063, stack(0x00007f7d893d2000,0x00007f7d894d3000)]
  0x00007f7dac77a000 JavaThread "qtp708443754-19" daemon [_thread_blocked, id=3062, stack(0x00007f7d894d3000,0x00007f7d895d4000)]
  0x00007f7dac778000 JavaThread "qtp708443754-18" daemon [_thread_blocked, id=3061, stack(0x00007f7d895d4000,0x00007f7d896d5000)]
  0x00007f7dac774000 JavaThread "qtp708443754-17" daemon [_thread_blocked, id=3060, stack(0x00007f7d896d5000,0x00007f7d897d6000)]
  0x00007f7dac772000 JavaThread "qtp708443754-16" daemon [_thread_blocked, id=3059, stack(0x00007f7d897d6000,0x00007f7d898d7000)]
  0x00007f7dac770000 JavaThread "qtp708443754-15" daemon [_thread_blocked, id=3058, stack(0x00007f7d898d7000,0x00007f7d899d8000)]
  0x00007f7dac76f000 JavaThread "qtp708443754-14" daemon [_thread_blocked, id=3057, stack(0x00007f7d899d8000,0x00007f7d89ad9000)]
  0x00007f7dac76e000 JavaThread "qtp708443754-13 Acceptor0 SocketConnector@0.0.0.0:42950" daemon [_thread_in_native, id=3056, stack(0x00007f7db0042000,0x00007f7db0143000)]
  0x00007f7dac6bd800 JavaThread "process reaper" daemon [_thread_blocked, id=3054, stack(0x00007f7db0143000,0x00007f7db017c000)]
  0x00007f7dac0b5800 JavaThread "Service Thread" daemon [_thread_blocked, id=3051, stack(0x00007f7db1c67000,0x00007f7db1d68000)]
  0x00007f7dac0b0800 JavaThread "C1 CompilerThread1" daemon [_thread_blocked, id=3050, stack(0x00007f7db1d68000,0x00007f7db1e69000)]
  0x00007f7dac0ae800 JavaThread "C2 CompilerThread0" daemon [_thread_in_native, id=3049, stack(0x00007f7db1e69000,0x00007f7db1f6a000)]
  0x00007f7dac0ad000 JavaThread "Signal Dispatcher" daemon [_thread_blocked, id=3048, stack(0x00007f7db1f6a000,0x00007f7db206b000)]
  0x00007f7dac074800 JavaThread "Finalizer" daemon [_thread_blocked, id=3047, stack(0x00007f7db206b000,0x00007f7db216c000)]
  0x00007f7dac072000 JavaThread "Reference Handler" daemon [_thread_blocked, id=3046, stack(0x00007f7db216c000,0x00007f7db226d000)]
=>0x00007f7dac008800 JavaThread "main" [_thread_in_vm, id=3044, stack(0x00007f7db5aa6000,0x00007f7db5ba7000)]

Other Threads:
  0x00007f7dac06d000 VMThread [stack: 0x00007f7db226d000,0x00007f7db236e000] [id=3045]
  0x00007f7dac0b9000 WatcherThread [stack: 0x00007f7db1b66000,0x00007f7db1c67000] [id=3052]

VM state:not at safepoint (normal execution)

VM Mutex/Monitor currently owned by a thread: None

Heap:
 def new generation   total 78656K, used 18769K [0x00000000f0000000, 0x00000000f5550000, 0x00000000f5550000)
  eden space 69952K,  14% used [0x00000000f0000000, 0x00000000f09d4530, 0x00000000f4450000)
  from space 8704K,  99% used [0x00000000f4450000, 0x00000000f4ccfff8, 0x00000000f4cd0000)
  to   space 8704K,   0% used [0x00000000f4cd0000, 0x00000000f4cd0000, 0x00000000f5550000)
 tenured generation   total 174784K, used 73830K [0x00000000f5550000, 0x0000000100000000, 0x0000000100000000)
   the space 174784K,  42% used [0x00000000f5550000, 0x00000000f9d69b70, 0x00000000f9d69c00, 0x0000000100000000)
 Metaspace       used 28174K, capacity 28450K, committed 28544K, reserved 1073152K
  class space    used 4380K, capacity 4467K, committed 4480K, reserved 1048576K

Card table byte_map: [0x00007f7db5a1d000,0x00007f7db5a9e000] byte_map_base: 0x00007f7db529d000

Polling page: 0x00007f7db5bb1000

CodeCache: size=245760Kb used=6373Kb max_used=6373Kb free=239386Kb
 bounds [0x00007f7d9d000000, 0x00007f7d9d640000, 0x00007f7dac000000]
 total_blobs=2621 nmethods=2223 adapters=310
 compilation: enabled

Compilation events (10 events):
Event: 15.811 Thread 0x00007f7dac0b0800 2247       1       scala.tools.nsc.symtab.classfile.ClassfileParser$ConstantPool::internalized (5 bytes)
Event: 16.080 Thread 0x00007f7dac0b0800 nmethod 2247 0x00007f7d9d637290 code [0x00007f7d9d6373e0, 0x00007f7d9d6374f0]
Event: 16.151 Thread 0x00007f7dac0b0800 2251       3       scala.collection.Iterator$class::foreach (26 bytes)
Event: 16.470 Thread 0x00007f7dac0b0800 nmethod 2251 0x00007f7d9d637550 code [0x00007f7d9d6376e0, 0x00007f7d9d637b00]
Event: 16.491 Thread 0x00007f7dac0b0800 2252       3       scala.reflect.internal.Names$TypeName::toTermName (78 bytes)
Event: 17.219 Thread 0x00007f7dac0b0800 nmethod 2252 0x00007f7d9d637c50 code [0x00007f7d9d637e40, 0x00007f7d9d638cf0]
Event: 17.231 Thread 0x00007f7dac0b0800 2250       3       scala.reflect.internal.Symbols$ClassSymbol::isAnonymousClass (18 bytes)
Event: 17.550 Thread 0x00007f7dac0ae800 nmethod 2244 0x00007f7d9d63bfd0 code [0x00007f7d9d63c160, 0x00007f7d9d63c498]
Event: 17.590 Thread 0x00007f7dac0ae800 2248       4       scala.reflect.internal.Names$Name::containsName (44 bytes)
Event: 17.880 Thread 0x00007f7dac0b0800 nmethod 2250 0x00007f7d9d63b750 code [0x00007f7d9d63b8e0, 0x00007f7d9d63be40]

GC Heap History (6 events):
Event: 2.503 GC heap before
{Heap before GC invocations=0 (full 0):
 def new generation   total 78656K, used 66046K [0x00000000f0000000, 0x00000000f5550000, 0x00000000f5550000)
  eden space 69952K,  94% used [0x00000000f0000000, 0x00000000f407f8a8, 0x00000000f4450000)
  from space 8704K,   0% used [0x00000000f4450000, 0x00000000f4450000, 0x00000000f4cd0000)
  to   space 8704K,   0% used [0x00000000f4cd0000, 0x00000000f4cd0000, 0x00000000f5550000)
 tenured generation   total 174784K, used 0K [0x00000000f5550000, 0x0000000100000000, 0x0000000100000000)
   the space 174784K,   0% used [0x00000000f5550000, 0x00000000f5550000, 0x00000000f5550200, 0x0000000100000000)
 Metaspace       used 21007K, capacity 21088K, committed 21296K, reserved 1067008K
  class space    used 3328K, capacity 3344K, committed 3456K, reserved 1048576K
Event: 2.537 GC heap after
Heap after GC invocations=1 (full 1):
 def new generation   total 78656K, used 0K [0x00000000f0000000, 0x00000000f5550000, 0x00000000f5550000)
  eden space 69952K,   0% used [0x00000000f0000000, 0x00000000f0000000, 0x00000000f4450000)
  from space 8704K,   0% used [0x00000000f4450000, 0x00000000f4450000, 0x00000000f4cd0000)
  to   space 8704K,   0% used [0x00000000f4cd0000, 0x00000000f4cd0000, 0x00000000f5550000)
 tenured generation   total 174784K, used 14701K [0x00000000f5550000, 0x0000000100000000, 0x0000000100000000)
   the space 174784K,   8% used [0x00000000f5550000, 0x00000000f63ab4f8, 0x00000000f63ab600, 0x0000000100000000)
 Metaspace       used 21007K, capacity 21088K, committed 21296K, reserved 1067008K
  class space    used 3328K, capacity 3344K, committed 3456K, reserved 1048576K
}
Event: 4.565 GC heap before
{Heap before GC invocations=1 (full 1):
 def new generation   total 78656K, used 69952K [0x00000000f0000000, 0x00000000f5550000, 0x00000000f5550000)
  eden space 69952K, 100% used [0x00000000f0000000, 0x00000000f4450000, 0x00000000f4450000)
  from space 8704K,   0% used [0x00000000f4450000, 0x00000000f4450000, 0x00000000f4cd0000)
  to   space 8704K,   0% used [0x00000000f4cd0000, 0x00000000f4cd0000, 0x00000000f5550000)
 tenured generation   total 174784K, used 14701K [0x00000000f5550000, 0x0000000100000000, 0x0000000100000000)
   the space 174784K,   8% used [0x00000000f5550000, 0x00000000f63ab4f8, 0x00000000f63ab600, 0x0000000100000000)
 Metaspace       used 27255K, capacity 27490K, committed 27648K, reserved 1073152K
  class space    used 4248K, capacity 4339K, committed 4352K, reserved 1048576K
Event: 4.643 GC heap after
Heap after GC invocations=2 (full 1):
 def new generation   total 78656K, used 8704K [0x00000000f0000000, 0x00000000f5550000, 0x00000000f5550000)
  eden space 69952K,   0% used [0x00000000f0000000, 0x00000000f0000000, 0x00000000f4450000)
  from space 8704K, 100% used [0x00000000f4cd0000, 0x00000000f5550000, 0x00000000f5550000)
  to   space 8704K,   0% used [0x00000000f4450000, 0x00000000f4450000, 0x00000000f4cd0000)
 tenured generation   total 174784K, used 34823K [0x00000000f5550000, 0x0000000100000000, 0x0000000100000000)
   the space 174784K,  19% used [0x00000000f5550000, 0x00000000f7751c98, 0x00000000f7751e00, 0x0000000100000000)
 Metaspace       used 27255K, capacity 27490K, committed 27648K, reserved 1073152K
  class space    used 4248K, capacity 4339K, committed 4352K, reserved 1048576K
}
Event: 4.763 GC heap before
{Heap before GC invocations=2 (full 1):
 def new generation   total 78656K, used 78656K [0x00000000f0000000, 0x00000000f5550000, 0x00000000f5550000)
  eden space 69952K, 100% used [0x00000000f0000000, 0x00000000f4450000, 0x00000000f4450000)
  from space 8704K, 100% used [0x00000000f4cd0000, 0x00000000f5550000, 0x00000000f5550000)
  to   space 8704K,   0% used [0x00000000f4450000, 0x00000000f4450000, 0x00000000f4cd0000)
 tenured generation   total 174784K, used 34823K [0x00000000f5550000, 0x0000000100000000, 0x0000000100000000)
   the space 174784K,  19% used [0x00000000f5550000, 0x00000000f7751c98, 0x00000000f7751e00, 0x0000000100000000)
 Metaspace       used 27263K, capacity 27490K, committed 27648K, reserved 1073152K
  class space    used 4248K, capacity 4339K, committed 4352K, reserved 1048576K
Event: 4.930 GC heap after
Heap after GC invocations=3 (full 1):
 def new generation   total 78656K, used 8703K [0x00000000f0000000, 0x00000000f5550000, 0x00000000f5550000)
  eden space 69952K,   0% used [0x00000000f0000000, 0x00000000f0000000, 0x00000000f4450000)
  from space 8704K,  99% used [0x00000000f4450000, 0x00000000f4ccfff8, 0x00000000f4cd0000)
  to   space 8704K,   0% used [0x00000000f4cd0000, 0x00000000f4cd0000, 0x00000000f5550000)
 tenured generation   total 174784K, used 73830K [0x00000000f5550000, 0x0000000100000000, 0x0000000100000000)
   the space 174784K,  42% used [0x00000000f5550000, 0x00000000f9d69b70, 0x00000000f9d69c00, 0x0000000100000000)
 Metaspace       used 27263K, capacity 27490K, committed 27648K, reserved 1073152K
  class space    used 4248K, capacity 4339K, committed 4352K, reserved 1048576K
}

Deoptimization events (10 events):
Event: 2.753 Thread 0x00007f7dac008800 Uncommon trap: reason=bimorphic action=maybe_recompile pc=0x00007f7d9d4273dc method=java.util.HashMap.putVal(ILjava/lang/Object;Ljava/lang/Object;ZZ)Ljava/lang/Object; @ 203
Event: 2.912 Thread 0x00007f7dac008800 Uncommon trap: reason=unstable_if action=reinterpret pc=0x00007f7d9d212bac method=java.lang.String.regionMatches(ZILjava/lang/String;II)Z @ 123
Event: 2.913 Thread 0x00007f7dac008800 Uncommon trap: reason=unstable_if action=reinterpret pc=0x00007f7d9d460544 method=java.io.ByteArrayInputStream.read()I @ 8
Event: 2.967 Thread 0x00007f7dac008800 Uncommon trap: reason=bimorphic action=maybe_recompile pc=0x00007f7d9d2bbdb4 method=java.net.URL.<init>(Ljava/net/URL;Ljava/lang/String;Ljava/net/URLStreamHandler;)V @ 504
Event: 2.974 Thread 0x00007f7dac008800 Uncommon trap: reason=unstable_if action=reinterpret pc=0x00007f7d9d2bc250 method=sun.net.www.protocol.jar.Handler.parseURL(Ljava/net/URL;Ljava/lang/String;II)V @ 94
Event: 3.217 Thread 0x00007f7dac008800 Uncommon trap: reason=unstable_if action=reinterpret pc=0x00007f7d9d3b34d0 method=java.lang.ClassLoader.checkName(Ljava/lang/String;)Z @ 20
Event: 3.217 Thread 0x00007f7dac008800 Uncommon trap: reason=unstable_if action=reinterpret pc=0x00007f7d9d207bf0 method=java.lang.String.indexOf(II)I @ 49
Event: 4.986 Thread 0x00007f7dac008800 Uncommon trap: reason=unstable_if action=reinterpret pc=0x00007f7d9d59a92c method=scala.reflect.io.FileZipArchive.iterator()Lscala/collection/Iterator; @ 82
Event: 15.520 Thread 0x00007f7dac008800 Uncommon trap: reason=class_check action=maybe_recompile pc=0x00007f7d9d54df98 method=scala.collection.mutable.HashTable$class.elemEquals(Lscala/collection/mutable/HashTable;Ljava/lang/Object;Ljava/lang/Object;)Z @ 55
Event: 15.560 Thread 0x00007f7dac008800 Uncommon trap: reason=class_check action=maybe_recompile pc=0x00007f7d9d554164 method=scala.collection.mutable.HashTable$class.elemEquals(Lscala/collection/mutable/HashTable;Ljava/lang/Object;Ljava/lang/Object;)Z @ 55

Internal exceptions (10 events):
Event: 1.826 Thread 0x00007f7dac008800 Exception <a 'java/lang/ClassNotFoundException': org/apache/log4j/WriterAppenderCustomizer> (0x00000000f30e19c8) thrown at [/HUDSON/workspace/8-2-build-linux-amd64/jdk8u65/4987/hotspot/src/share/vm/classfile/systemDictionary.cpp, line 210]
Event: 1.827 Thread 0x00007f7dac008800 Exception <a 'java/lang/ClassNotFoundException': org/apache/log4j/ConsoleAppenderCustomizer> (0x00000000f30f40c0) thrown at [/HUDSON/workspace/8-2-build-linux-amd64/jdk8u65/4987/hotspot/src/share/vm/classfile/systemDictionary.cpp, line 210]
Event: 1.844 Thread 0x00007f7dac008800 Implicit null exception at 0x00007f7d9d1a54f5 to 0x00007f7d9d1a5839
Event: 2.266 Thread 0x00007f7dac008800 Exception <a 'java/lang/reflect/InvocationTargetException'> (0x00000000f3beb680) thrown at [/HUDSON/workspace/8-2-build-linux-amd64/jdk8u65/4987/hotspot/src/share/vm/runtime/reflection.cpp, line 1092]
Event: 2.586 Thread 0x00007f7dac008800 Exception <a 'java/lang/NoSuchFieldError': method resolution failed> (0x00000000f00c45e0) thrown at [/HUDSON/workspace/8-2-build-linux-amd64/jdk8u65/4987/hotspot/src/share/vm/prims/methodHandles.cpp, line 1146]
Event: 2.594 Thread 0x00007f7dac008800 Exception <a 'java/lang/NoSuchFieldError': method resolution failed> (0x00000000f00d20a0) thrown at [/HUDSON/workspace/8-2-build-linux-amd64/jdk8u65/4987/hotspot/src/share/vm/prims/methodHandles.cpp, line 1146]
Event: 3.106 Thread 0x00007f7dac008800 Implicit null exception at 0x00007f7d9d48d878 to 0x00007f7d9d48da64
Event: 3.106 Thread 0x00007f7dac008800 Exception <a 'java/lang/NullPointerException'> (0x00000000f100dfb8) thrown at [/HUDSON/workspace/8-2-build-linux-amd64/jdk8u65/4987/hotspot/src/share/vm/runtime/sharedRuntime.cpp, line 605]
Event: 3.110 Thread 0x00007f7dac008800 Implicit null exception at 0x00007f7d9d48d878 to 0x00007f7d9d48da64
Event: 3.110 Thread 0x00007f7dac008800 Exception <a 'java/lang/NullPointerException'> (0x00000000f104bdd8) thrown at [/HUDSON/workspace/8-2-build-linux-amd64/jdk8u65/4987/hotspot/src/share/vm/runtime/sharedRuntime.cpp, line 605]

Events (10 events):
Event: 16.331 loading class scala/reflect/internal/util/StringOps
Event: 16.331 loading class scala/reflect/internal/util/StringOps done
Event: 16.990 loading class scala/reflect/internal/util/StringOps$class
Event: 17.031 loading class scala/reflect/internal/util/StringOps$class done
Event: 17.520 loading class scala/tools/nsc/util/ClassPath$$anonfun$1
Event: 17.530 loading class scala/tools/nsc/util/ClassPath$$anonfun$1 done
Event: 18.110 loading class scala/collection/IndexedSeqOptimized$$anonfun$indexWhere$1
Event: 18.131 loading class scala/collection/IndexedSeqOptimized$$anonfun$indexWhere$1 done
Event: 18.720 loading class scala/tools/nsc/util/ClassPath$$anonfun$2
Event: 18.721 loading class scala/tools/nsc/util/ClassPath$$anonfun$2 done


Dynamic libraries:
00400000-00401000 r-xp 00000000 ca:02 25742893                           /usr/java/jdk1.8.0_65/bin/java
00600000-00601000 rw-p 00000000 ca:02 25742893                           /usr/java/jdk1.8.0_65/bin/java
0115a000-0117b000 rw-p 00000000 00:00 0                                  [heap]
f0000000-100460000 rw-p 00000000 00:00 0 
100480000-140000000 ---p 00000000 00:00 0 
7f7d74000000-7f7d74021000 rw-p 00000000 00:00 0 
7f7d74021000-7f7d78000000 ---p 00000000 00:00 0 
7f7d7c000000-7f7d7e658000 rw-p 00000000 00:00 0 
7f7d7e658000-7f7d80000000 ---p 00000000 00:00 0 
7f7d80000000-7f7d8061b000 rw-p 00000000 00:00 0 
7f7d8061b000-7f7d84000000 ---p 00000000 00:00 0 
7f7d84000000-7f7d84021000 rw-p 00000000 00:00 0 
7f7d84021000-7f7d88000000 ---p 00000000 00:00 0 
7f7d88581000-7f7d8913c000 r--s 0a3b8000 ca:02 33741168                   /opt/spark-1.5.0-bin-hadoop2.6/lib/spark-assembly-1.5.0-hadoop2.6.0.jar
7f7d8913c000-7f7d891d2000 r--s 010ff000 ca:02 19415791                   /usr/java/jdk1.8.0_65/jre/lib/ext/jfxrt.jar
7f7d891d2000-7f7d89352000 rw-p 00000000 00:00 0 
7f7d89352000-7f7d893d2000 ---p 00000000 00:00 0 
7f7d893d2000-7f7d893d5000 ---p 00000000 00:00 0 
7f7d893d5000-7f7d894d3000 rw-p 00000000 00:00 0                          [stack:3063]
7f7d894d3000-7f7d894d6000 ---p 00000000 00:00 0 
7f7d894d6000-7f7d895d4000 rw-p 00000000 00:00 0                          [stack:3062]
7f7d895d4000-7f7d895d7000 ---p 00000000 00:00 0 
7f7d895d7000-7f7d896d5000 rw-p 00000000 00:00 0                          [stack:3061]
7f7d896d5000-7f7d896d8000 ---p 00000000 00:00 0 
7f7d896d8000-7f7d897d6000 rw-p 00000000 00:00 0                          [stack:3060]
7f7d897d6000-7f7d897d9000 ---p 00000000 00:00 0 
7f7d897d9000-7f7d898d7000 rw-p 00000000 00:00 0                          [stack:3059]
7f7d898d7000-7f7d898da000 ---p 00000000 00:00 0 
7f7d898da000-7f7d899d8000 rw-p 00000000 00:00 0                          [stack:3058]
7f7d899d8000-7f7d899db000 ---p 00000000 00:00 0 
7f7d899db000-7f7d89ad9000 rw-p 00000000 00:00 0                          [stack:3057]
7f7d89ad9000-7f7d90000000 r--p 00000000 ca:02 1985833                    /usr/lib/locale/locale-archive
7f7d90000000-7f7d90021000 rw-p 00000000 00:00 0 
7f7d90021000-7f7d94000000 ---p 00000000 00:00 0 
7f7d94000000-7f7d94021000 rw-p 00000000 00:00 0 
7f7d94021000-7f7d98000000 ---p 00000000 00:00 0 
7f7d98000000-7f7d98025000 rw-p 00000000 00:00 0 
7f7d98025000-7f7d9c000000 ---p 00000000 00:00 0 
7f7d9c030000-7f7d9c031000 rw-p 00000000 00:00 0 
7f7d9c031000-7f7d9c047000 r--s 001a4000 ca:02 33741166                   /opt/spark-1.5.0-bin-hadoop2.6/lib/datanucleus-rdbms-3.2.9.jar
7f7d9c047000-7f7d9c04c000 r--s 0004e000 ca:02 33741165                   /opt/spark-1.5.0-bin-hadoop2.6/lib/datanucleus-api-jdo-3.2.6.jar
7f7d9c04c000-7f7d9c064000 r--s 001b6000 ca:02 33741164                   /opt/spark-1.5.0-bin-hadoop2.6/lib/datanucleus-core-3.2.10.jar
7f7d9c064000-7f7d9c06f000 r--s 0021a000 ca:02 19473407                   /usr/java/jdk1.8.0_65/jre/lib/ext/localedata.jar
7f7d9c06f000-7f7d9c08a000 r--s 001cd000 ca:02 19415793                   /usr/java/jdk1.8.0_65/jre/lib/ext/nashorn.jar
7f7d9c08a000-7f7d9c28a000 rw-p 00000000 00:00 0 
7f7d9c28a000-7f7d9c58b000 rw-p 00000000 00:00 0 
7f7d9c58b000-7f7d9c5a1000 r-xp 00000000 ca:02 42148716                   /usr/java/jdk1.8.0_65/jre/lib/amd64/libnet.so
7f7d9c5a1000-7f7d9c7a1000 ---p 00016000 ca:02 42148716                   /usr/java/jdk1.8.0_65/jre/lib/amd64/libnet.so
7f7d9c7a1000-7f7d9c7a2000 rw-p 00016000 ca:02 42148716                   /usr/java/jdk1.8.0_65/jre/lib/amd64/libnet.so
7f7d9c7a2000-7f7d9c7b7000 r-xp 00000000 ca:02 17924964                   /usr/lib64/libgcc_s-4.8.5-20150702.so.1
7f7d9c7b7000-7f7d9c9b6000 ---p 00015000 ca:02 17924964                   /usr/lib64/libgcc_s-4.8.5-20150702.so.1
7f7d9c9b6000-7f7d9c9b7000 r--p 00014000 ca:02 17924964                   /usr/lib64/libgcc_s-4.8.5-20150702.so.1
7f7d9c9b7000-7f7d9c9b8000 rw-p 00015000 ca:02 17924964                   /usr/lib64/libgcc_s-4.8.5-20150702.so.1
7f7d9c9b8000-7f7d9c9ea000 r-xp 00000000 ca:02 42148727                   /usr/java/jdk1.8.0_65/jre/lib/amd64/libsunec.so
7f7d9c9ea000-7f7d9cbe9000 ---p 00032000 ca:02 42148727                   /usr/java/jdk1.8.0_65/jre/lib/amd64/libsunec.so
7f7d9cbe9000-7f7d9cbef000 rw-p 00031000 ca:02 42148727                   /usr/java/jdk1.8.0_65/jre/lib/amd64/libsunec.so
7f7d9cbef000-7f7d9cbff000 rw-p 00000000 00:00 0 
7f7d9cbff000-7f7d9cc00000 r-xp 00000000 ca:02 42148694                   /usr/java/jdk1.8.0_65/jre/lib/amd64/libjaas_unix.so
7f7d9cc00000-7f7d9cdff000 ---p 00001000 ca:02 42148694                   /usr/java/jdk1.8.0_65/jre/lib/amd64/libjaas_unix.so
7f7d9cdff000-7f7d9ce00000 rw-p 00000000 ca:02 42148694                   /usr/java/jdk1.8.0_65/jre/lib/amd64/libjaas_unix.so
7f7d9ce00000-7f7d9d000000 rw-p 00000000 00:00 0 
7f7d9d000000-7f7d9d640000 rwxp 00000000 00:00 0 
7f7d9d640000-7f7dac000000 ---p 00000000 00:00 0 
7f7dac000000-7f7dacd9f000 rw-p 00000000 00:00 0 
7f7dacd9f000-7f7db0000000 ---p 00000000 00:00 0 
7f7db0000000-7f7db0001000 r--s 00010000 ca:02 19415797                   /usr/java/jdk1.8.0_65/jre/lib/ext/zipfs.jar
7f7db0001000-7f7db0005000 r--s 00039000 ca:02 19415796                   /usr/java/jdk1.8.0_65/jre/lib/ext/sunpkcs11.jar
7f7db0005000-7f7db0006000 r--s 0000a000 ca:02 19415789                   /usr/java/jdk1.8.0_65/jre/lib/ext/jaccess.jar
7f7db0006000-7f7db0028000 r--s 0038e000 ca:02 19415787                   /usr/java/jdk1.8.0_65/jre/lib/ext/cldrdata.jar
7f7db0028000-7f7db002d000 r--s 0003e000 ca:02 33704434                   /usr/java/jdk1.8.0_65/jre/lib/jfr.jar
7f7db002d000-7f7db0042000 r--s 000ff000 ca:02 33695836                   /usr/java/jdk1.8.0_65/jre/lib/resources.jar
7f7db0042000-7f7db0045000 ---p 00000000 00:00 0 
7f7db0045000-7f7db0143000 rw-p 00000000 00:00 0                          [stack:3056]
7f7db0143000-7f7db0146000 ---p 00000000 00:00 0 
7f7db0146000-7f7db037c000 rw-p 00000000 00:00 0                          [stack:3054]
7f7db037c000-7f7db0384000 r-xp 00000000 ca:02 42148714                   /usr/java/jdk1.8.0_65/jre/lib/amd64/libmanagement.so
7f7db0384000-7f7db0584000 ---p 00008000 ca:02 42148714                   /usr/java/jdk1.8.0_65/jre/lib/amd64/libmanagement.so
7f7db0584000-7f7db0585000 rw-p 00008000 ca:02 42148714                   /usr/java/jdk1.8.0_65/jre/lib/amd64/libmanagement.so
7f7db0585000-7f7db0785000 rw-p 00000000 00:00 0 
7f7db0785000-7f7db0985000 rw-p 00000000 00:00 0 
7f7db0985000-7f7db099b000 r--s 001a4000 ca:02 33741166                   /opt/spark-1.5.0-bin-hadoop2.6/lib/datanucleus-rdbms-3.2.9.jar
7f7db099b000-7f7db09b3000 r--s 001b6000 ca:02 33741164                   /opt/spark-1.5.0-bin-hadoop2.6/lib/datanucleus-core-3.2.10.jar
7f7db09b3000-7f7db0bb3000 rw-p 00000000 00:00 0 
7f7db0bb3000-7f7db0db3000 rw-p 00000000 00:00 0 
7f7db0db3000-7f7db0fab000 rw-p 00000000 00:00 0 
7f7db0fab000-7f7db1b66000 r--s 0a3b8000 ca:02 33741168                   /opt/spark-1.5.0-bin-hadoop2.6/lib/spark-assembly-1.5.0-hadoop2.6.0.jar
7f7db1b66000-7f7db1b67000 ---p 00000000 00:00 0 
7f7db1b67000-7f7db1c67000 rw-p 00000000 00:00 0                          [stack:3052]
7f7db1c67000-7f7db1c6a000 ---p 00000000 00:00 0 
7f7db1c6a000-7f7db1d68000 rw-p 00000000 00:00 0                          [stack:3051]
7f7db1d68000-7f7db1d6b000 ---p 00000000 00:00 0 
7f7db1d6b000-7f7db1e69000 rw-p 00000000 00:00 0                          [stack:3050]
7f7db1e69000-7f7db1e6c000 ---p 00000000 00:00 0 
7f7db1e6c000-7f7db1f6a000 rw-p 00000000 00:00 0                          [stack:3049]
7f7db1f6a000-7f7db1f6d000 ---p 00000000 00:00 0 
7f7db1f6d000-7f7db206b000 rw-p 00000000 00:00 0                          [stack:3048]
7f7db206b000-7f7db206e000 ---p 00000000 00:00 0 
7f7db206e000-7f7db216c000 rw-p 00000000 00:00 0                          [stack:3047]
7f7db216c000-7f7db216f000 ---p 00000000 00:00 0 
7f7db216f000-7f7db226d000 rw-p 00000000 00:00 0                          [stack:3046]
7f7db226d000-7f7db226e000 ---p 00000000 00:00 0 
7f7db226e000-7f7db23bd000 rw-p 00000000 00:00 0                          [stack:3045]
7f7db23bd000-7f7db2595000 r--s 03cd8000 ca:02 33704409                   /usr/java/jdk1.8.0_65/jre/lib/rt.jar
7f7db2595000-7f7db2e8e000 rw-p 00000000 00:00 0 
7f7db2e8e000-7f7db2ea7000 rw-p 00000000 00:00 0 
7f7db2ea7000-7f7db324e000 ---p 00000000 00:00 0 
7f7db324e000-7f7db3268000 r-xp 00000000 ca:02 42148731                   /usr/java/jdk1.8.0_65/jre/lib/amd64/libzip.so
7f7db3268000-7f7db3468000 ---p 0001a000 ca:02 42148731                   /usr/java/jdk1.8.0_65/jre/lib/amd64/libzip.so
7f7db3468000-7f7db3469000 rw-p 0001a000 ca:02 42148731                   /usr/java/jdk1.8.0_65/jre/lib/amd64/libzip.so
7f7db3469000-7f7db3475000 r-xp 00000000 ca:02 17924990                   /usr/lib64/libnss_files-2.17.so
7f7db3475000-7f7db3674000 ---p 0000c000 ca:02 17924990                   /usr/lib64/libnss_files-2.17.so
7f7db3674000-7f7db3675000 r--p 0000b000 ca:02 17924990                   /usr/lib64/libnss_files-2.17.so
7f7db3675000-7f7db3676000 rw-p 0000c000 ca:02 17924990                   /usr/lib64/libnss_files-2.17.so
7f7db3676000-7f7db367c000 rw-p 00000000 00:00 0 
7f7db367c000-7f7db36a6000 r-xp 00000000 ca:02 42148695                   /usr/java/jdk1.8.0_65/jre/lib/amd64/libjava.so
7f7db36a6000-7f7db38a6000 ---p 0002a000 ca:02 42148695                   /usr/java/jdk1.8.0_65/jre/lib/amd64/libjava.so
7f7db38a6000-7f7db38a8000 rw-p 0002a000 ca:02 42148695                   /usr/java/jdk1.8.0_65/jre/lib/amd64/libjava.so
7f7db38a8000-7f7db38b5000 r-xp 00000000 ca:02 42148730                   /usr/java/jdk1.8.0_65/jre/lib/amd64/libverify.so
7f7db38b5000-7f7db3ab5000 ---p 0000d000 ca:02 42148730                   /usr/java/jdk1.8.0_65/jre/lib/amd64/libverify.so
7f7db3ab5000-7f7db3ab7000 rw-p 0000d000 ca:02 42148730                   /usr/java/jdk1.8.0_65/jre/lib/amd64/libverify.so
7f7db3ab7000-7f7db3abe000 r-xp 00000000 ca:02 17925002                   /usr/lib64/librt-2.17.so
7f7db3abe000-7f7db3cbd000 ---p 00007000 ca:02 17925002                   /usr/lib64/librt-2.17.so
7f7db3cbd000-7f7db3cbe000 r--p 00006000 ca:02 17925002                   /usr/lib64/librt-2.17.so
7f7db3cbe000-7f7db3cbf000 rw-p 00007000 ca:02 17925002                   /usr/lib64/librt-2.17.so
7f7db3cbf000-7f7db3dc0000 r-xp 00000000 ca:02 17924892                   /usr/lib64/libm-2.17.so
7f7db3dc0000-7f7db3fbf000 ---p 00101000 ca:02 17924892                   /usr/lib64/libm-2.17.so
7f7db3fbf000-7f7db3fc0000 r--p 00100000 ca:02 17924892                   /usr/lib64/libm-2.17.so
7f7db3fc0000-7f7db3fc1000 rw-p 00101000 ca:02 17924892                   /usr/lib64/libm-2.17.so
7f7db3fc1000-7f7db4c7f000 r-xp 00000000 ca:02 1205977                    /usr/java/jdk1.8.0_65/jre/lib/amd64/server/libjvm.so
7f7db4c7f000-7f7db4e7e000 ---p 00cbe000 ca:02 1205977                    /usr/java/jdk1.8.0_65/jre/lib/amd64/server/libjvm.so
7f7db4e7e000-7f7db4f56000 rw-p 00cbd000 ca:02 1205977                    /usr/java/jdk1.8.0_65/jre/lib/amd64/server/libjvm.so
7f7db4f56000-7f7db4f9b000 rw-p 00000000 00:00 0 
7f7db4f9b000-7f7db5151000 r-xp 00000000 ca:02 17924973                   /usr/lib64/libc-2.17.so
7f7db5151000-7f7db5351000 ---p 001b6000 ca:02 17924973                   /usr/lib64/libc-2.17.so
7f7db5351000-7f7db5355000 r--p 001b6000 ca:02 17924973                   /usr/lib64/libc-2.17.so
7f7db5355000-7f7db5357000 rw-p 001ba000 ca:02 17924973                   /usr/lib64/libc-2.17.so
7f7db5357000-7f7db535c000 rw-p 00000000 00:00 0 
7f7db535c000-7f7db535f000 r-xp 00000000 ca:02 17924979                   /usr/lib64/libdl-2.17.so
7f7db535f000-7f7db555e000 ---p 00003000 ca:02 17924979                   /usr/lib64/libdl-2.17.so
7f7db555e000-7f7db555f000 r--p 00002000 ca:02 17924979                   /usr/lib64/libdl-2.17.so
7f7db555f000-7f7db5560000 rw-p 00003000 ca:02 17924979                   /usr/lib64/libdl-2.17.so
7f7db5560000-7f7db5575000 r-xp 00000000 ca:02 19415810                   /usr/java/jdk1.8.0_65/lib/amd64/jli/libjli.so
7f7db5575000-7f7db5775000 ---p 00015000 ca:02 19415810                   /usr/java/jdk1.8.0_65/lib/amd64/jli/libjli.so
7f7db5775000-7f7db5776000 rw-p 00015000 ca:02 19415810                   /usr/java/jdk1.8.0_65/lib/amd64/jli/libjli.so
7f7db5776000-7f7db578c000 r-xp 00000000 ca:02 17924998                   /usr/lib64/libpthread-2.17.so
7f7db578c000-7f7db598c000 ---p 00016000 ca:02 17924998                   /usr/lib64/libpthread-2.17.so
7f7db598c000-7f7db598d000 r--p 00016000 ca:02 17924998                   /usr/lib64/libpthread-2.17.so
7f7db598d000-7f7db598e000 rw-p 00017000 ca:02 17924998                   /usr/lib64/libpthread-2.17.so
7f7db598e000-7f7db5992000 rw-p 00000000 00:00 0 
7f7db5992000-7f7db59b3000 r-xp 00000000 ca:02 16818313                   /usr/lib64/ld-2.17.so
7f7db59b3000-7f7db59b5000 r--s 00001000 ca:02 19415788                   /usr/java/jdk1.8.0_65/jre/lib/ext/dnsns.jar
7f7db59b5000-7f7db59ba000 r--s 002f8000 ca:02 33704436                   /usr/java/jdk1.8.0_65/jre/lib/charsets.jar
7f7db59ba000-7f7db59c0000 r--s 0003e000 ca:02 19415795                   /usr/java/jdk1.8.0_65/jre/lib/ext/sunjce_provider.jar
7f7db59c0000-7f7db59c1000 r--s 00009000 ca:02 19415794                   /usr/java/jdk1.8.0_65/jre/lib/ext/sunec.jar
7f7db59c1000-7f7db59c3000 r--s 0001a000 ca:02 33704432                   /usr/java/jdk1.8.0_65/jre/lib/jce.jar
7f7db59c3000-7f7db59c7000 r--s 00096000 ca:02 33677696                   /usr/java/jdk1.8.0_65/jre/lib/jsse.jar
7f7db59c7000-7f7db5a9d000 rw-p 00000000 00:00 0 
7f7db5a9d000-7f7db5a9e000 rw-p 00000000 00:00 0 
7f7db5a9e000-7f7db5aa6000 rw-s 00000000 ca:02 25859969                   /tmp/hsperfdata_ec2-user/3013
7f7db5aa6000-7f7db5aa9000 ---p 00000000 00:00 0 
7f7db5aa9000-7f7db5bab000 rw-p 00000000 00:00 0                          [stack:3044]
7f7db5bab000-7f7db5bb0000 r--s 0004e000 ca:02 33741165                   /opt/spark-1.5.0-bin-hadoop2.6/lib/datanucleus-api-jdo-3.2.6.jar
7f7db5bb0000-7f7db5bb1000 rw-p 00000000 00:00 0 
7f7db5bb1000-7f7db5bb2000 r--p 00000000 00:00 0 
7f7db5bb2000-7f7db5bb3000 rw-p 00000000 00:00 0 
7f7db5bb3000-7f7db5bb4000 r--p 00021000 ca:02 16818313                   /usr/lib64/ld-2.17.so
7f7db5bb4000-7f7db5bb5000 rw-p 00022000 ca:02 16818313                   /usr/lib64/ld-2.17.so
7f7db5bb5000-7f7db5bb6000 rw-p 00000000 00:00 0 
7fff7f7da000-7fff7f7fb000 rw-p 00000000 00:00 0                          [stack]
7fff7f7fe000-7fff7f800000 r-xp 00000000 00:00 0                          [vdso]
ffffffffff600000-ffffffffff601000 r-xp 00000000 00:00 0                  [vsyscall]

VM Arguments:
jvm_args: -Dscala.usejavacp=true -Xms1g -Xmx1g -Xmx256m -Xms256m 
java_command: org.apache.spark.deploy.SparkSubmit --master local --class org.apache.spark.repl.Main --name Spark shell spark-shell
java_class_path (initial): /opt/spark/conf/:/opt/spark/lib/spark-assembly-1.5.0-hadoop2.6.0.jar:/opt/spark/lib/datanucleus-core-3.2.10.jar:/opt/spark/lib/datanucleus-api-jdo-3.2.6.jar:/opt/spark/lib/datanucleus-rdbms-3.2.9.jar:/etc/hadoop/conf/
Launcher Type: SUN_STANDARD

Environment Variables:
JAVA_HOME=/usr/java/default
_JAVA_OPTIONS=-Xmx256m -Xms256m
PATH=/opt/sbt/bin:/usr/java/default/bin:/opt/sbt/bin:/usr/java/default/bin:/usr/local/bin:/usr/bin:/usr/local/sbin:/usr/sbin:/usr/local/scala/bin:/home/ec2-user/.local/bin:/home/ec2-user/bin:/usr/local/scala/bin
SHELL=/bin/bash

Signal Handlers:
SIGSEGV: [libjvm.so+0xaba070], sa_mask[0]=11111111011111111101111111111110, sa_flags=SA_RESTART|SA_SIGINFO
SIGBUS: [libjvm.so+0xaba070], sa_mask[0]=11111111011111111101111111111110, sa_flags=SA_RESTART|SA_SIGINFO
SIGFPE: [libjvm.so+0x917630], sa_mask[0]=11111111011111111101111111111110, sa_flags=SA_RESTART|SA_SIGINFO
SIGPIPE: [libjvm.so+0x917630], sa_mask[0]=11111111011111111101111111111110, sa_flags=SA_RESTART|SA_SIGINFO
SIGXFSZ: [libjvm.so+0x917630], sa_mask[0]=11111111011111111101111111111110, sa_flags=SA_RESTART|SA_SIGINFO
SIGILL: [libjvm.so+0x917630], sa_mask[0]=11111111011111111101111111111110, sa_flags=SA_RESTART|SA_SIGINFO
SIGUSR1: SIG_DFL, sa_mask[0]=00000000000000000000000000000000, sa_flags=none
SIGUSR2: [libjvm.so+0x918c60], sa_mask[0]=00000000000000000000000000000000, sa_flags=SA_RESTART|SA_SIGINFO
SIGHUP: [libjvm.so+0x91a060], sa_mask[0]=11111111011111111101111111111110, sa_flags=SA_RESTART|SA_SIGINFO
SIGINT: [libjvm.so+0x91a060], sa_mask[0]=11111111011111111101111111111110, sa_flags=SA_RESTART|SA_SIGINFO
SIGTERM: [libjvm.so+0x91a060], sa_mask[0]=11111111011111111101111111111110, sa_flags=SA_RESTART|SA_SIGINFO
SIGQUIT: [libjvm.so+0x91a060], sa_mask[0]=11111111011111111101111111111110, sa_flags=SA_RESTART|SA_SIGINFO


---------------  S Y S T E M  ---------------

OS:Red Hat Enterprise Linux Server release 7.1 (Maipo)

uname:Linux 3.10.0-229.1.2.el7.x86_64 #1 SMP Fri Mar 6 17:12:08 EST 2015 x86_64
libc:glibc 2.17 NPTL 2.17 
rlimit: STACK 8192k, CORE 0k, NPROC 3836, NOFILE 65536, AS infinity
load average:1.23 0.30 0.14

/proc/meminfo:
MemTotal:        1015944 kB
MemFree:           58888 kB
MemAvailable:      11600 kB
Buffers:               0 kB
Cached:            17364 kB
SwapCached:            0 kB
Active:           863056 kB
Inactive:          16012 kB
Active(anon):     861916 kB
Inactive(anon):    14272 kB
Active(file):       1140 kB
Inactive(file):     1740 kB
Unevictable:           0 kB
Mlocked:               0 kB
SwapTotal:             0 kB
SwapFree:              0 kB
Dirty:                16 kB
Writeback:             0 kB
AnonPages:        861736 kB
Mapped:             3328 kB
Shmem:             14452 kB
Slab:              42152 kB
SReclaimable:      15164 kB
SUnreclaim:        26988 kB
KernelStack:        8336 kB
PageTables:        11600 kB
NFS_Unstable:          0 kB
Bounce:                0 kB
WritebackTmp:          0 kB
CommitLimit:      507972 kB
Committed_AS:    1647892 kB
VmallocTotal:   34359738367 kB
VmallocUsed:        3460 kB
VmallocChunk:   34359734271 kB
HardwareCorrupted:     0 kB
AnonHugePages:    507904 kB
HugePages_Total:       0
HugePages_Free:        0
HugePages_Rsvd:        0
HugePages_Surp:        0
Hugepagesize:       2048 kB
DirectMap4k:       47104 kB
DirectMap2M:     1001472 kB


CPU:total 1 (1 cores per cpu, 1 threads per core) family 6 model 63 stepping 2, cmov, cx8, fxsr, mmx, sse, sse2, sse3, ssse3, sse4.1, sse4.2, popcnt, avx, avx2, aes, clmul, erms, lzcnt, tsc, bmi1, bmi2

/proc/cpuinfo:
processor	: 0
vendor_id	: GenuineIntel
cpu family	: 6
model		: 63
model name	: Intel(R) Xeon(R) CPU E5-2676 v3 @ 2.40GHz
stepping	: 2
microcode	: 0x25
cpu MHz		: 2394.530
cache size	: 30720 KB
physical id	: 0
siblings	: 1
core id		: 0
cpu cores	: 1
apicid		: 0
initial apicid	: 0
fpu		: yes
fpu_exception	: yes
cpuid level	: 13
wp		: yes
flags		: fpu vme de pse tsc msr pae mce cx8 apic sep mtrr pge mca cmov pat pse36 clflush mmx fxsr sse sse2 ht syscall nx rdtscp lm constant_tsc rep_good nopl xtopology eagerfpu pni pclmulqdq ssse3 fma cx16 pcid sse4_1 sse4_2 x2apic movbe popcnt tsc_deadline_timer aes xsave avx f16c rdrand hypervisor lahf_lm abm xsaveopt fsgsbase bmi1 avx2 smep bmi2 erms invpcid
bogomips	: 4789.06
clflush size	: 64
cache_alignment	: 64
address sizes	: 46 bits physical, 48 bits virtual
power management:



Memory: 4k page, physical 1015944k(58888k free), swap 0k(0k free)

vm_info: Java HotSpot(TM) 64-Bit Server VM (25.65-b01) for linux-amd64 JRE (1.8.0_65-b17), built on Oct  6 2015 17:16:12 by "java_re" with gcc 4.3.0 20080428 (Red Hat 4.3.0-8)

time: Tue Jan 19 00:20:39 2016
elapsed time: 20 seconds (0d 0h 0m 20s)

